INFO - 2020/03/07 01:31 -- 0:00:00 - model: TextCNN
                                     data_dir: data/THUCNews/
                                     train_text: train.txt
                                     dev_text: dev.txt
                                     test_text: test.txt
                                     class_name: class.txt
                                     public_pretrain: ../public_pretrained/sgns.sogou.char
                                     pretrain_subset: pretrained_subset.npy
                                     train_reindex: train_index.npy
                                     dev_reindex: dev_index.npy
                                     test_reindex: test_index.npy
                                     num_train: 180000
                                     num_validation: 10000
                                     num_test: 10000
                                     num_class: 10
                                     embedding_dim: 300
                                     hidden_size: 64
                                     dropout: 0.5
                                     seq_length: 32
                                     device: cpu
                                     batch_size: 100
                                     num_epochs: 30
                                     num_patience: 2
                                     lr: 0.001
                                     lr_decay: 0.5
                                     optimizer: Adam
                                     init_method: xavier_normal_
                                     freeze_embed: True
                                     torch_seed: 1
                                     bert: False
                                     bert_pretrain_path: bert_pretrain
INFO - 2020/03/07 01:31 -- 0:00:00 - torch model and log file saved directory:/Users/edward/Documents/中文文本分类torch/Chinese_Text_Classification_practicetrain_result/2020_0307_0131/
INFO - 2020/03/07 01:31 -- 0:00:02 - ------------------------------>Training 0th epoch<------------------------------
INFO - 2020/03/07 01:31 -- 0:00:11 - Iter: 100, train loss: 0.65038, train accuracy: 0.82, val loss: 0.56713, val accuracy: 0.8364
INFO - 2020/03/07 01:31 -- 0:00:20 - Iter: 200, train loss: 0.32974, train accuracy: 0.92, val loss: 0.44704, val accuracy: 0.8636
INFO - 2020/03/07 01:32 -- 0:00:29 - Iter: 300, train loss: 0.54286, train accuracy: 0.8, val loss: 0.39382, val accuracy: 0.8791
INFO - 2020/03/07 01:32 -- 0:00:38 - Iter: 400, train loss: 0.50284, train accuracy: 0.88, val loss: 0.3746, val accuracy: 0.8841
INFO - 2020/03/07 01:32 -- 0:00:47 - Iter: 500, train loss: 0.359, train accuracy: 0.9, val loss: 0.36416, val accuracy: 0.8888
INFO - 2020/03/07 01:32 -- 0:00:57 - Iter: 600, train loss: 0.3927, train accuracy: 0.89, val loss: 0.34842, val accuracy: 0.8913
INFO - 2020/03/07 01:32 -- 0:01:06 - Iter: 700, train loss: 0.37705, train accuracy: 0.9, val loss: 0.33295, val accuracy: 0.8947
INFO - 2020/03/07 01:32 -- 0:01:15 - Iter: 800, train loss: 0.3082, train accuracy: 0.9, val loss: 0.33198, val accuracy: 0.8961
INFO - 2020/03/07 01:33 -- 0:01:25 - Iter: 900, train loss: 0.3795, train accuracy: 0.87, val loss: 0.32409, val accuracy: 0.8986
INFO - 2020/03/07 01:33 -- 0:01:36 - Iter: 1000, train loss: 0.28288, train accuracy: 0.93, val loss: 0.31687, val accuracy: 0.9011
INFO - 2020/03/07 01:33 -- 0:01:46 - Iter: 1100, train loss: 0.3668, train accuracy: 0.9, val loss: 0.31516, val accuracy: 0.9011
INFO - 2020/03/07 01:33 -- 0:01:55 - Iter: 1200, train loss: 0.47211, train accuracy: 0.84, val loss: 0.31044, val accuracy: 0.9033
INFO - 2020/03/07 01:33 -- 0:02:05 - Iter: 1300, train loss: 0.26614, train accuracy: 0.91, val loss: 0.31055, val accuracy: 0.9026
INFO - 2020/03/07 01:33 -- 0:02:15 - Iter: 1400, train loss: 0.27579, train accuracy: 0.93, val loss: 0.30682, val accuracy: 0.9033
INFO - 2020/03/07 01:34 -- 0:02:24 - Iter: 1500, train loss: 0.41392, train accuracy: 0.89, val loss: 0.30981, val accuracy: 0.9026
INFO - 2020/03/07 01:34 -- 0:02:33 - Iter: 1600, train loss: 0.37529, train accuracy: 0.87, val loss: 0.30279, val accuracy: 0.9054
INFO - 2020/03/07 01:34 -- 0:02:43 - Iter: 1700, train loss: 0.44626, train accuracy: 0.89, val loss: 0.29726, val accuracy: 0.9074
INFO - 2020/03/07 01:34 -- 0:02:53 - Iter: 1800, train loss: 0.4164, train accuracy: 0.87, val loss: 0.29626, val accuracy: 0.9069
INFO - 2020/03/07 01:34 -- 0:02:53 - 0th epoch finished, val epoch loss:0.34723, val epoch accuracy:0.89258
INFO - 2020/03/07 01:34 -- 0:02:53 - ------------------------------>Training 1th epoch<------------------------------
INFO - 2020/03/07 01:34 -- 0:03:02 - Iter: 1900, train loss: 0.27372, train accuracy: 0.89, val loss: 0.29609, val accuracy: 0.9044
INFO - 2020/03/07 01:34 -- 0:03:11 - Iter: 2000, train loss: 0.17799, train accuracy: 0.96, val loss: 0.29677, val accuracy: 0.9058
INFO - 2020/03/07 01:34 -- 0:03:21 - Iter: 2100, train loss: 0.30388, train accuracy: 0.89, val loss: 0.29269, val accuracy: 0.9051
INFO - 2020/03/07 01:35 -- 0:03:30 - Iter: 2200, train loss: 0.26534, train accuracy: 0.92, val loss: 0.29423, val accuracy: 0.9073
INFO - 2020/03/07 01:35 -- 0:03:40 - Iter: 2300, train loss: 0.26714, train accuracy: 0.93, val loss: 0.29085, val accuracy: 0.9088
INFO - 2020/03/07 01:35 -- 0:03:50 - Iter: 2400, train loss: 0.3403, train accuracy: 0.88, val loss: 0.28713, val accuracy: 0.9077
INFO - 2020/03/07 01:35 -- 0:04:00 - Iter: 2500, train loss: 0.32759, train accuracy: 0.91, val loss: 0.28356, val accuracy: 0.9105
INFO - 2020/03/07 01:35 -- 0:04:10 - Iter: 2600, train loss: 0.26233, train accuracy: 0.92, val loss: 0.28699, val accuracy: 0.9116
INFO - 2020/03/07 01:35 -- 0:04:21 - Iter: 2700, train loss: 0.386, train accuracy: 0.87, val loss: 0.28271, val accuracy: 0.9107
INFO - 2020/03/07 01:36 -- 0:04:32 - Iter: 2800, train loss: 0.18286, train accuracy: 0.96, val loss: 0.28092, val accuracy: 0.9123
INFO - 2020/03/07 01:36 -- 0:04:43 - Iter: 2900, train loss: 0.28872, train accuracy: 0.91, val loss: 0.28093, val accuracy: 0.9118
INFO - 2020/03/07 01:36 -- 0:04:55 - Iter: 3000, train loss: 0.37186, train accuracy: 0.9, val loss: 0.28373, val accuracy: 0.9122
INFO - 2020/03/07 01:36 -- 0:05:08 - Iter: 3100, train loss: 0.2201, train accuracy: 0.92, val loss: 0.28542, val accuracy: 0.9119
INFO - 2020/03/07 01:36 -- 0:05:20 - Iter: 3200, train loss: 0.16824, train accuracy: 0.95, val loss: 0.28148, val accuracy: 0.9126
INFO - 2020/03/07 01:37 -- 0:05:31 - Iter: 3300, train loss: 0.39817, train accuracy: 0.86, val loss: 0.28307, val accuracy: 0.9135
INFO - 2020/03/07 01:37 -- 0:05:42 - Iter: 3400, train loss: 0.29255, train accuracy: 0.92, val loss: 0.28179, val accuracy: 0.9106
INFO - 2020/03/07 01:37 -- 0:05:55 - Iter: 3500, train loss: 0.32719, train accuracy: 0.93, val loss: 0.27794, val accuracy: 0.9141
INFO - 2020/03/07 01:37 -- 0:06:06 - Iter: 3600, train loss: 0.37897, train accuracy: 0.86, val loss: 0.27729, val accuracy: 0.9139
INFO - 2020/03/07 01:37 -- 0:06:06 - 1th epoch finished, val epoch loss:0.28576, val epoch accuracy:0.91027
INFO - 2020/03/07 01:37 -- 0:06:06 - ------------------------------>Training 2th epoch<------------------------------
INFO - 2020/03/07 01:37 -- 0:06:16 - Iter: 3700, train loss: 0.24209, train accuracy: 0.9, val loss: 0.27776, val accuracy: 0.9119
INFO - 2020/03/07 01:38 -- 0:06:25 - Iter: 3800, train loss: 0.17907, train accuracy: 0.93, val loss: 0.27916, val accuracy: 0.9129
INFO - 2020/03/07 01:38 -- 0:06:35 - Iter: 3900, train loss: 0.25056, train accuracy: 0.92, val loss: 0.2768, val accuracy: 0.9117
INFO - 2020/03/07 01:38 -- 0:06:48 - Iter: 4000, train loss: 0.2375, train accuracy: 0.91, val loss: 0.28048, val accuracy: 0.9107
INFO - 2020/03/07 01:38 -- 0:06:59 - Iter: 4100, train loss: 0.21855, train accuracy: 0.94, val loss: 0.27855, val accuracy: 0.9115
INFO - 2020/03/07 01:38 -- 0:07:09 - Iter: 4200, train loss: 0.35897, train accuracy: 0.88, val loss: 0.27635, val accuracy: 0.9123
INFO - 2020/03/07 01:38 -- 0:07:18 - Iter: 4300, train loss: 0.2956, train accuracy: 0.9, val loss: 0.27437, val accuracy: 0.9155
INFO - 2020/03/07 01:39 -- 0:07:28 - Iter: 4400, train loss: 0.22208, train accuracy: 0.94, val loss: 0.27556, val accuracy: 0.9143
INFO - 2020/03/07 01:39 -- 0:07:39 - Iter: 4500, train loss: 0.30269, train accuracy: 0.91, val loss: 0.2757, val accuracy: 0.9117
INFO - 2020/03/07 01:39 -- 0:07:48 - Iter: 4600, train loss: 0.2077, train accuracy: 0.93, val loss: 0.26978, val accuracy: 0.9151
INFO - 2020/03/07 01:39 -- 0:07:58 - Iter: 4700, train loss: 0.30775, train accuracy: 0.9, val loss: 0.27517, val accuracy: 0.9148
INFO - 2020/03/07 01:39 -- 0:08:08 - Iter: 4800, train loss: 0.42172, train accuracy: 0.87, val loss: 0.27693, val accuracy: 0.9141
INFO - 2020/03/07 01:39 -- 0:08:20 - Iter: 4900, train loss: 0.19979, train accuracy: 0.93, val loss: 0.27935, val accuracy: 0.9126
INFO - 2020/03/07 01:40 -- 0:08:30 - Iter: 5000, train loss: 0.20374, train accuracy: 0.95, val loss: 0.26928, val accuracy: 0.9161
INFO - 2020/03/07 01:40 -- 0:08:42 - Iter: 5100, train loss: 0.27044, train accuracy: 0.92, val loss: 0.27292, val accuracy: 0.9158
INFO - 2020/03/07 01:40 -- 0:08:53 - Iter: 5200, train loss: 0.28631, train accuracy: 0.93, val loss: 0.27019, val accuracy: 0.9151
INFO - 2020/03/07 01:40 -- 0:09:02 - Iter: 5300, train loss: 0.34969, train accuracy: 0.9, val loss: 0.26752, val accuracy: 0.9164
INFO - 2020/03/07 01:40 -- 0:09:12 - Iter: 5400, train loss: 0.26098, train accuracy: 0.91, val loss: 0.26981, val accuracy: 0.9167
INFO - 2020/03/07 01:40 -- 0:09:12 - 2th epoch finished, val epoch loss:0.27476, val epoch accuracy:0.91384
INFO - 2020/03/07 01:40 -- 0:09:12 - ------------------------------>Training 3th epoch<------------------------------
INFO - 2020/03/07 01:40 -- 0:09:21 - Iter: 5500, train loss: 0.24408, train accuracy: 0.9, val loss: 0.26992, val accuracy: 0.9149
INFO - 2020/03/07 01:41 -- 0:09:31 - Iter: 5600, train loss: 0.15964, train accuracy: 0.97, val loss: 0.27896, val accuracy: 0.9138
INFO - 2020/03/07 01:41 -- 0:09:40 - Iter: 5700, train loss: 0.25588, train accuracy: 0.92, val loss: 0.26813, val accuracy: 0.9166
INFO - 2020/03/07 01:41 -- 0:09:50 - Iter: 5800, train loss: 0.24676, train accuracy: 0.93, val loss: 0.26981, val accuracy: 0.9158
INFO - 2020/03/07 01:41 -- 0:09:59 - Iter: 5900, train loss: 0.23456, train accuracy: 0.92, val loss: 0.27757, val accuracy: 0.914
INFO - 2020/03/07 01:41 -- 0:10:09 - Iter: 6000, train loss: 0.30326, train accuracy: 0.92, val loss: 0.27404, val accuracy: 0.9136
INFO - 2020/03/07 01:41 -- 0:10:18 - Iter: 6100, train loss: 0.27008, train accuracy: 0.91, val loss: 0.27403, val accuracy: 0.9172
INFO - 2020/03/07 01:42 -- 0:10:27 - Iter: 6200, train loss: 0.23789, train accuracy: 0.91, val loss: 0.27814, val accuracy: 0.9161
INFO - 2020/03/07 01:42 -- 0:10:39 - Iter: 6300, train loss: 0.2467, train accuracy: 0.9, val loss: 0.27961, val accuracy: 0.9135
INFO - 2020/03/07 01:42 -- 0:10:49 - Iter: 6400, train loss: 0.20071, train accuracy: 0.93, val loss: 0.27017, val accuracy: 0.9172
INFO - 2020/03/07 01:42 -- 0:10:58 - Iter: 6500, train loss: 0.26677, train accuracy: 0.93, val loss: 0.27072, val accuracy: 0.9161
INFO - 2020/03/07 01:42 -- 0:11:07 - Iter: 6600, train loss: 0.37913, train accuracy: 0.9, val loss: 0.27869, val accuracy: 0.9163
INFO - 2020/03/07 01:42 -- 0:11:17 - Iter: 6700, train loss: 0.23241, train accuracy: 0.93, val loss: 0.2761, val accuracy: 0.9164
INFO - 2020/03/07 01:43 -- 0:11:26 - Iter: 6800, train loss: 0.2052, train accuracy: 0.92, val loss: 0.26922, val accuracy: 0.9179
INFO - 2020/03/07 01:43 -- 0:11:36 - Iter: 6900, train loss: 0.24501, train accuracy: 0.91, val loss: 0.26964, val accuracy: 0.9191
INFO - 2020/03/07 01:43 -- 0:11:47 - Iter: 7000, train loss: 0.23466, train accuracy: 0.93, val loss: 0.26967, val accuracy: 0.9181
INFO - 2020/03/07 01:43 -- 0:11:58 - Iter: 7100, train loss: 0.37816, train accuracy: 0.91, val loss: 0.2702, val accuracy: 0.9167
INFO - 2020/03/07 01:43 -- 0:12:07 - Iter: 7200, train loss: 0.23673, train accuracy: 0.91, val loss: 0.27259, val accuracy: 0.9165
INFO - 2020/03/07 01:43 -- 0:12:07 - 3th epoch finished, val epoch loss:0.27318, val epoch accuracy:0.9161
INFO - 2020/03/07 01:43 -- 0:12:07 - ------------------------------>Training 4th epoch<------------------------------
INFO - 2020/03/07 01:43 -- 0:12:16 - Iter: 7300, train loss: 0.19251, train accuracy: 0.93, val loss: 0.26953, val accuracy: 0.9157
INFO - 2020/03/07 01:44 -- 0:12:25 - Iter: 7400, train loss: 0.16005, train accuracy: 0.94, val loss: 0.27752, val accuracy: 0.9157
INFO - 2020/03/07 01:44 -- 0:12:35 - Iter: 7500, train loss: 0.19075, train accuracy: 0.93, val loss: 0.27264, val accuracy: 0.9168
INFO - 2020/03/07 01:44 -- 0:12:44 - Iter: 7600, train loss: 0.17841, train accuracy: 0.94, val loss: 0.27354, val accuracy: 0.9157
INFO - 2020/03/07 01:44 -- 0:12:55 - Iter: 7700, train loss: 0.18461, train accuracy: 0.95, val loss: 0.27598, val accuracy: 0.9167
INFO - 2020/03/07 01:44 -- 0:13:04 - Iter: 7800, train loss: 0.15341, train accuracy: 0.93, val loss: 0.27339, val accuracy: 0.9147
INFO - 2020/03/07 01:44 -- 0:13:14 - Iter: 7900, train loss: 0.22065, train accuracy: 0.93, val loss: 0.2691, val accuracy: 0.9188
INFO - 2020/03/07 01:45 -- 0:13:23 - Iter: 8000, train loss: 0.14648, train accuracy: 0.93, val loss: 0.27597, val accuracy: 0.9171
INFO - 2020/03/07 01:45 -- 0:13:33 - Iter: 8100, train loss: 0.30589, train accuracy: 0.89, val loss: 0.27933, val accuracy: 0.9154
INFO - 2020/03/07 01:45 -- 0:13:42 - Iter: 8200, train loss: 0.15849, train accuracy: 0.94, val loss: 0.2739, val accuracy: 0.9171
INFO - 2020/03/07 01:45 -- 0:13:51 - Iter: 8300, train loss: 0.19704, train accuracy: 0.95, val loss: 0.27407, val accuracy: 0.9197
INFO - 2020/03/07 01:45 -- 0:14:00 - Iter: 8400, train loss: 0.25784, train accuracy: 0.92, val loss: 0.28117, val accuracy: 0.9154
INFO - 2020/03/07 01:45 -- 0:14:10 - Iter: 8500, train loss: 0.11426, train accuracy: 0.93, val loss: 0.27503, val accuracy: 0.9159
INFO - 2020/03/07 01:45 -- 0:14:18 - Iter: 8600, train loss: 0.15598, train accuracy: 0.93, val loss: 0.26719, val accuracy: 0.9191
INFO - 2020/03/07 01:46 -- 0:14:27 - Iter: 8700, train loss: 0.24445, train accuracy: 0.91, val loss: 0.2689, val accuracy: 0.9194
INFO - 2020/03/07 01:46 -- 0:14:36 - Iter: 8800, train loss: 0.22419, train accuracy: 0.93, val loss: 0.27245, val accuracy: 0.9179
INFO - 2020/03/07 01:46 -- 0:14:45 - Iter: 8900, train loss: 0.24653, train accuracy: 0.92, val loss: 0.27269, val accuracy: 0.9161
INFO - 2020/03/07 01:46 -- 0:14:56 - Iter: 9000, train loss: 0.20327, train accuracy: 0.94, val loss: 0.27056, val accuracy: 0.9193
INFO - 2020/03/07 01:46 -- 0:14:56 - 4th epoch finished, val epoch loss:0.2735, val epoch accuracy:0.91703
INFO - 2020/03/07 01:46 -- 0:14:56 - ------------------------------>Training 5th epoch<------------------------------
INFO - 2020/03/07 01:46 -- 0:15:06 - Iter: 9100, train loss: 0.13893, train accuracy: 0.96, val loss: 0.27189, val accuracy: 0.9153
INFO - 2020/03/07 01:46 -- 0:15:16 - Iter: 9200, train loss: 0.13093, train accuracy: 0.96, val loss: 0.27939, val accuracy: 0.9176
INFO - 2020/03/07 01:47 -- 0:15:26 - Iter: 9300, train loss: 0.22771, train accuracy: 0.9, val loss: 0.27286, val accuracy: 0.9223
INFO - 2020/03/07 01:47 -- 0:15:35 - Iter: 9400, train loss: 0.17286, train accuracy: 0.93, val loss: 0.27018, val accuracy: 0.9188
INFO - 2020/03/07 01:47 -- 0:15:44 - Iter: 9500, train loss: 0.18444, train accuracy: 0.95, val loss: 0.26886, val accuracy: 0.9191
INFO - 2020/03/07 01:47 -- 0:15:53 - Iter: 9600, train loss: 0.17155, train accuracy: 0.93, val loss: 0.27231, val accuracy: 0.9166
INFO - 2020/03/07 01:47 -- 0:16:03 - Iter: 9700, train loss: 0.23162, train accuracy: 0.91, val loss: 0.2691, val accuracy: 0.9211
INFO - 2020/03/07 01:47 -- 0:16:14 - Iter: 9800, train loss: 0.15377, train accuracy: 0.95, val loss: 0.27138, val accuracy: 0.9203
INFO - 2020/03/07 01:48 -- 0:16:28 - Iter: 9900, train loss: 0.17277, train accuracy: 0.94, val loss: 0.2727, val accuracy: 0.9188
INFO - 2020/03/07 01:48 -- 0:16:39 - Iter: 10000, train loss: 0.12447, train accuracy: 0.95, val loss: 0.27158, val accuracy: 0.9205
INFO - 2020/03/07 01:48 -- 0:16:49 - Iter: 10100, train loss: 0.16606, train accuracy: 0.96, val loss: 0.26977, val accuracy: 0.917
INFO - 2020/03/07 01:48 -- 0:17:00 - Iter: 10200, train loss: 0.31221, train accuracy: 0.89, val loss: 0.27353, val accuracy: 0.9175
INFO - 2020/03/07 01:48 -- 0:17:10 - Iter: 10300, train loss: 0.10062, train accuracy: 0.98, val loss: 0.27297, val accuracy: 0.9167
INFO - 2020/03/07 01:48 -- 0:17:20 - Iter: 10400, train loss: 0.17611, train accuracy: 0.94, val loss: 0.27366, val accuracy: 0.9168
INFO - 2020/03/07 01:49 -- 0:17:30 - Iter: 10500, train loss: 0.1884, train accuracy: 0.92, val loss: 0.26955, val accuracy: 0.9169
INFO - 2020/03/07 01:49 -- 0:17:41 - Iter: 10600, train loss: 0.07947, train accuracy: 0.97, val loss: 0.26735, val accuracy: 0.9196
INFO - 2020/03/07 01:49 -- 0:17:51 - Iter: 10700, train loss: 0.17295, train accuracy: 0.93, val loss: 0.26721, val accuracy: 0.9189
INFO - 2020/03/07 01:49 -- 0:18:01 - Iter: 10800, train loss: 0.13152, train accuracy: 0.97, val loss: 0.26962, val accuracy: 0.9216
INFO - 2020/03/07 01:49 -- 0:18:01 - 5th epoch finished, val epoch loss:0.27133, val epoch accuracy:0.91863
INFO - 2020/03/07 01:49 -- 0:18:01 - ------------------------------>Training 6th epoch<------------------------------
INFO - 2020/03/07 01:49 -- 0:18:10 - Iter: 10900, train loss: 0.13598, train accuracy: 0.96, val loss: 0.27006, val accuracy: 0.9184
INFO - 2020/03/07 01:49 -- 0:18:19 - Iter: 11000, train loss: 0.1587, train accuracy: 0.95, val loss: 0.28147, val accuracy: 0.9173
INFO - 2020/03/07 01:50 -- 0:18:28 - Iter: 11100, train loss: 0.24341, train accuracy: 0.91, val loss: 0.27628, val accuracy: 0.9196
INFO - 2020/03/07 01:50 -- 0:18:38 - Iter: 11200, train loss: 0.171, train accuracy: 0.93, val loss: 0.27383, val accuracy: 0.9177
INFO - 2020/03/07 01:50 -- 0:18:46 - Iter: 11300, train loss: 0.19387, train accuracy: 0.94, val loss: 0.27046, val accuracy: 0.918
INFO - 2020/03/07 01:50 -- 0:18:56 - Iter: 11400, train loss: 0.14425, train accuracy: 0.96, val loss: 0.27635, val accuracy: 0.9166
INFO - 2020/03/07 01:50 -- 0:19:05 - Iter: 11500, train loss: 0.23729, train accuracy: 0.92, val loss: 0.27043, val accuracy: 0.9203
INFO - 2020/03/07 01:50 -- 0:19:14 - Iter: 11600, train loss: 0.08846, train accuracy: 0.96, val loss: 0.27287, val accuracy: 0.9201
INFO - 2020/03/07 01:51 -- 0:19:23 - Iter: 11700, train loss: 0.25108, train accuracy: 0.93, val loss: 0.27555, val accuracy: 0.9195
INFO - 2020/03/07 01:51 -- 0:19:32 - Iter: 11800, train loss: 0.09586, train accuracy: 0.97, val loss: 0.27867, val accuracy: 0.9193
INFO - 2020/03/07 01:51 -- 0:19:41 - Iter: 11900, train loss: 0.20128, train accuracy: 0.94, val loss: 0.27252, val accuracy: 0.9184
INFO - 2020/03/07 01:51 -- 0:19:50 - Iter: 12000, train loss: 0.25389, train accuracy: 0.91, val loss: 0.2762, val accuracy: 0.9178
INFO - 2020/03/07 01:51 -- 0:19:59 - Iter: 12100, train loss: 0.13553, train accuracy: 0.94, val loss: 0.27286, val accuracy: 0.9202
INFO - 2020/03/07 01:51 -- 0:20:08 - Iter: 12200, train loss: 0.10193, train accuracy: 0.98, val loss: 0.27115, val accuracy: 0.9191
INFO - 2020/03/07 01:51 -- 0:20:17 - Iter: 12300, train loss: 0.12888, train accuracy: 0.92, val loss: 0.27088, val accuracy: 0.9198
INFO - 2020/03/07 01:52 -- 0:20:26 - Iter: 12400, train loss: 0.11695, train accuracy: 0.97, val loss: 0.27025, val accuracy: 0.9194
INFO - 2020/03/07 01:52 -- 0:20:35 - Iter: 12500, train loss: 0.28423, train accuracy: 0.94, val loss: 0.27212, val accuracy: 0.9188
INFO - 2020/03/07 01:52 -- 0:20:44 - Iter: 12600, train loss: 0.1768, train accuracy: 0.91, val loss: 0.27229, val accuracy: 0.9193
INFO - 2020/03/07 01:52 -- 0:20:44 - 6th epoch finished, val epoch loss:0.27357, val epoch accuracy:0.91887
INFO - 2020/03/07 01:52 -- 0:20:44 - ========================================
INFO - 2020/03/07 01:52 -- 0:20:44 - Early Stopping triggered after 7 epoches, calculating test accuracy...
INFO - 2020/03/07 01:52 -- 0:20:44 - ------------------------------>Training 7th epoch<------------------------------
INFO - 2020/03/07 01:52 -- 0:20:53 - Iter: 12700, train loss: 0.13943, train accuracy: 0.95, val loss: 0.27191, val accuracy: 0.9203
INFO - 2020/03/07 01:52 -- 0:21:02 - Iter: 12800, train loss: 0.08311, train accuracy: 0.97, val loss: 0.27359, val accuracy: 0.9205
INFO - 2020/03/07 01:52 -- 0:21:11 - Iter: 12900, train loss: 0.20515, train accuracy: 0.91, val loss: 0.27377, val accuracy: 0.9199
INFO - 2020/03/07 01:52 -- 0:21:20 - Iter: 13000, train loss: 0.13033, train accuracy: 0.97, val loss: 0.27025, val accuracy: 0.9188
INFO - 2020/03/07 01:53 -- 0:21:29 - Iter: 13100, train loss: 0.13074, train accuracy: 0.96, val loss: 0.27074, val accuracy: 0.9202
INFO - 2020/03/07 01:53 -- 0:21:38 - Iter: 13200, train loss: 0.13659, train accuracy: 0.95, val loss: 0.27375, val accuracy: 0.9185
INFO - 2020/03/07 01:53 -- 0:21:47 - Iter: 13300, train loss: 0.12306, train accuracy: 0.95, val loss: 0.27049, val accuracy: 0.921
INFO - 2020/03/07 01:53 -- 0:21:56 - Iter: 13400, train loss: 0.15177, train accuracy: 0.95, val loss: 0.27336, val accuracy: 0.9212
INFO - 2020/03/07 01:53 -- 0:22:04 - Iter: 13500, train loss: 0.18148, train accuracy: 0.92, val loss: 0.27424, val accuracy: 0.9206
INFO - 2020/03/07 01:53 -- 0:22:13 - Iter: 13600, train loss: 0.11619, train accuracy: 0.96, val loss: 0.27518, val accuracy: 0.9217
INFO - 2020/03/07 01:53 -- 0:22:22 - Iter: 13700, train loss: 0.19181, train accuracy: 0.94, val loss: 0.27335, val accuracy: 0.9208
INFO - 2020/03/07 01:54 -- 0:22:31 - Iter: 13800, train loss: 0.17978, train accuracy: 0.93, val loss: 0.275, val accuracy: 0.9205
INFO - 2020/03/07 01:54 -- 0:22:40 - Iter: 13900, train loss: 0.13266, train accuracy: 0.97, val loss: 0.27373, val accuracy: 0.9206
INFO - 2020/03/07 01:54 -- 0:22:49 - Iter: 14000, train loss: 0.12513, train accuracy: 0.96, val loss: 0.27162, val accuracy: 0.9215
INFO - 2020/03/07 01:54 -- 0:22:58 - Iter: 14100, train loss: 0.15434, train accuracy: 0.91, val loss: 0.27481, val accuracy: 0.9192
INFO - 2020/03/07 01:54 -- 0:23:07 - Iter: 14200, train loss: 0.0887, train accuracy: 0.98, val loss: 0.27352, val accuracy: 0.921
INFO - 2020/03/07 01:54 -- 0:23:16 - Iter: 14300, train loss: 0.1581, train accuracy: 0.95, val loss: 0.27234, val accuracy: 0.921
INFO - 2020/03/07 01:55 -- 0:23:25 - Iter: 14400, train loss: 0.09557, train accuracy: 0.95, val loss: 0.27292, val accuracy: 0.9216
INFO - 2020/03/07 01:55 -- 0:23:25 - 7th epoch finished, val epoch loss:0.27303, val epoch accuracy:0.92049
INFO - 2020/03/07 01:55 -- 0:23:25 - ========================================
INFO - 2020/03/07 01:55 -- 0:23:25 - Early Stopping triggered after 8 epoches, calculating test accuracy...
INFO - 2020/03/07 01:55 -- 0:23:25 - ------------------------------>Training 8th epoch<------------------------------
INFO - 2020/03/07 01:55 -- 0:23:34 - Iter: 14500, train loss: 0.10758, train accuracy: 0.95, val loss: 0.27359, val accuracy: 0.9218
INFO - 2020/03/07 01:55 -- 0:23:43 - Iter: 14600, train loss: 0.09212, train accuracy: 0.98, val loss: 0.27394, val accuracy: 0.9206
INFO - 2020/03/07 01:55 -- 0:23:51 - Iter: 14700, train loss: 0.23582, train accuracy: 0.93, val loss: 0.27338, val accuracy: 0.9215
INFO - 2020/03/07 01:55 -- 0:24:00 - Iter: 14800, train loss: 0.08851, train accuracy: 0.98, val loss: 0.27157, val accuracy: 0.9214
INFO - 2020/03/07 01:55 -- 0:24:09 - Iter: 14900, train loss: 0.09692, train accuracy: 0.98, val loss: 0.2718, val accuracy: 0.9204
INFO - 2020/03/07 01:55 -- 0:24:18 - Iter: 15000, train loss: 0.09011, train accuracy: 0.97, val loss: 0.27363, val accuracy: 0.9204
INFO - 2020/03/07 01:56 -- 0:24:27 - Iter: 15100, train loss: 0.1407, train accuracy: 0.95, val loss: 0.27286, val accuracy: 0.9212
INFO - 2020/03/07 01:56 -- 0:24:36 - Iter: 15200, train loss: 0.10112, train accuracy: 0.97, val loss: 0.27125, val accuracy: 0.9217
INFO - 2020/03/07 01:56 -- 0:24:46 - Iter: 15300, train loss: 0.16954, train accuracy: 0.95, val loss: 0.27248, val accuracy: 0.921
INFO - 2020/03/07 01:56 -- 0:24:57 - Iter: 15400, train loss: 0.08033, train accuracy: 0.98, val loss: 0.27404, val accuracy: 0.9211
INFO - 2020/03/07 01:56 -- 0:25:07 - Iter: 15500, train loss: 0.09053, train accuracy: 0.97, val loss: 0.27527, val accuracy: 0.921
INFO - 2020/03/07 01:56 -- 0:25:16 - Iter: 15600, train loss: 0.13414, train accuracy: 0.96, val loss: 0.27545, val accuracy: 0.9202
INFO - 2020/03/07 01:57 -- 0:25:26 - Iter: 15700, train loss: 0.08433, train accuracy: 0.97, val loss: 0.27559, val accuracy: 0.9213
INFO - 2020/03/07 01:57 -- 0:25:36 - Iter: 15800, train loss: 0.11114, train accuracy: 0.95, val loss: 0.27491, val accuracy: 0.9215
INFO - 2020/03/07 01:57 -- 0:25:45 - Iter: 15900, train loss: 0.10544, train accuracy: 0.97, val loss: 0.27571, val accuracy: 0.9199
INFO - 2020/03/07 01:57 -- 0:25:54 - Iter: 16000, train loss: 0.12374, train accuracy: 0.97, val loss: 0.27397, val accuracy: 0.9222
INFO - 2020/03/07 01:57 -- 0:26:03 - Iter: 16100, train loss: 0.12352, train accuracy: 0.97, val loss: 0.27543, val accuracy: 0.9221
INFO - 2020/03/07 01:57 -- 0:26:12 - Iter: 16200, train loss: 0.14562, train accuracy: 0.95, val loss: 0.27561, val accuracy: 0.9228
INFO - 2020/03/07 01:57 -- 0:26:12 - 8th epoch finished, val epoch loss:0.27392, val epoch accuracy:0.92123
INFO - 2020/03/07 01:57 -- 0:26:12 - ========================================
INFO - 2020/03/07 01:57 -- 0:26:12 - Early Stopping triggered after 9 epoches, calculating test accuracy...
INFO - 2020/03/07 01:57 -- 0:26:12 - ------------------------------>Training 9th epoch<------------------------------
INFO - 2020/03/07 01:57 -- 0:26:21 - Iter: 16300, train loss: 0.09448, train accuracy: 0.97, val loss: 0.27479, val accuracy: 0.9217
INFO - 2020/03/07 01:58 -- 0:26:30 - Iter: 16400, train loss: 0.0826, train accuracy: 0.97, val loss: 0.27532, val accuracy: 0.9213
INFO - 2020/03/07 01:58 -- 0:26:39 - Iter: 16500, train loss: 0.10858, train accuracy: 0.96, val loss: 0.27502, val accuracy: 0.9218
INFO - 2020/03/07 01:58 -- 0:26:48 - Iter: 16600, train loss: 0.05659, train accuracy: 0.98, val loss: 0.27427, val accuracy: 0.9216
INFO - 2020/03/07 01:58 -- 0:26:57 - Iter: 16700, train loss: 0.13214, train accuracy: 0.96, val loss: 0.27371, val accuracy: 0.9212
INFO - 2020/03/07 01:58 -- 0:27:06 - Iter: 16800, train loss: 0.13344, train accuracy: 0.95, val loss: 0.27479, val accuracy: 0.9221
INFO - 2020/03/07 01:58 -- 0:27:15 - Iter: 16900, train loss: 0.16522, train accuracy: 0.94, val loss: 0.27381, val accuracy: 0.9216
INFO - 2020/03/07 01:59 -- 0:27:24 - Iter: 17000, train loss: 0.1723, train accuracy: 0.96, val loss: 0.27355, val accuracy: 0.9219
INFO - 2020/03/07 01:59 -- 0:27:33 - Iter: 17100, train loss: 0.1578, train accuracy: 0.94, val loss: 0.27374, val accuracy: 0.9218
INFO - 2020/03/07 01:59 -- 0:27:42 - Iter: 17200, train loss: 0.08285, train accuracy: 0.99, val loss: 0.27413, val accuracy: 0.9226
INFO - 2020/03/07 01:59 -- 0:27:51 - Iter: 17300, train loss: 0.12646, train accuracy: 0.96, val loss: 0.2756, val accuracy: 0.9223
INFO - 2020/03/07 01:59 -- 0:28:00 - Iter: 17400, train loss: 0.21145, train accuracy: 0.91, val loss: 0.27502, val accuracy: 0.9223
INFO - 2020/03/07 01:59 -- 0:28:09 - Iter: 17500, train loss: 0.14304, train accuracy: 0.96, val loss: 0.27559, val accuracy: 0.9215
INFO - 2020/03/07 01:59 -- 0:28:18 - Iter: 17600, train loss: 0.06435, train accuracy: 0.98, val loss: 0.27532, val accuracy: 0.9218
INFO - 2020/03/07 02:00 -- 0:28:27 - Iter: 17700, train loss: 0.14661, train accuracy: 0.92, val loss: 0.27476, val accuracy: 0.922
INFO - 2020/03/07 02:00 -- 0:28:36 - Iter: 17800, train loss: 0.09168, train accuracy: 0.97, val loss: 0.27479, val accuracy: 0.9226
INFO - 2020/03/07 02:00 -- 0:28:45 - Iter: 17900, train loss: 0.12161, train accuracy: 0.96, val loss: 0.27495, val accuracy: 0.9226
INFO - 2020/03/07 02:00 -- 0:28:54 - Iter: 18000, train loss: 0.08658, train accuracy: 0.98, val loss: 0.2755, val accuracy: 0.9223
INFO - 2020/03/07 02:00 -- 0:28:54 - 9th epoch finished, val epoch loss:0.2747, val epoch accuracy:0.92194
INFO - 2020/03/07 02:00 -- 0:28:54 - ========================================
INFO - 2020/03/07 02:00 -- 0:28:54 - Early Stopping triggered after 10 epoches, calculating test accuracy...
INFO - 2020/03/07 02:00 -- 0:28:54 - ------------------------------>Training 10th epoch<------------------------------
INFO - 2020/03/07 02:00 -- 0:29:03 - Iter: 18100, train loss: 0.10695, train accuracy: 0.97, val loss: 0.27495, val accuracy: 0.9217
INFO - 2020/03/07 02:00 -- 0:29:12 - Iter: 18200, train loss: 0.10449, train accuracy: 0.95, val loss: 0.27494, val accuracy: 0.9215
INFO - 2020/03/07 02:00 -- 0:29:21 - Iter: 18300, train loss: 0.14028, train accuracy: 0.94, val loss: 0.27499, val accuracy: 0.9214
INFO - 2020/03/07 02:01 -- 0:29:30 - Iter: 18400, train loss: 0.08281, train accuracy: 0.96, val loss: 0.2744, val accuracy: 0.9222
INFO - 2020/03/07 02:01 -- 0:29:39 - Iter: 18500, train loss: 0.12585, train accuracy: 0.98, val loss: 0.27408, val accuracy: 0.922
INFO - 2020/03/07 02:01 -- 0:29:48 - Iter: 18600, train loss: 0.10516, train accuracy: 0.94, val loss: 0.27428, val accuracy: 0.9214
INFO - 2020/03/07 02:01 -- 0:29:57 - Iter: 18700, train loss: 0.12621, train accuracy: 0.95, val loss: 0.27376, val accuracy: 0.9217
INFO - 2020/03/07 02:01 -- 0:30:06 - Iter: 18800, train loss: 0.11463, train accuracy: 0.94, val loss: 0.2739, val accuracy: 0.9216
INFO - 2020/03/07 02:01 -- 0:30:15 - Iter: 18900, train loss: 0.15878, train accuracy: 0.94, val loss: 0.27425, val accuracy: 0.9214
INFO - 2020/03/07 02:02 -- 0:30:24 - Iter: 19000, train loss: 0.12975, train accuracy: 0.97, val loss: 0.27469, val accuracy: 0.9218
INFO - 2020/03/07 02:02 -- 0:30:33 - Iter: 19100, train loss: 0.1027, train accuracy: 0.96, val loss: 0.27547, val accuracy: 0.9224
INFO - 2020/03/07 02:02 -- 0:30:42 - Iter: 19200, train loss: 0.09724, train accuracy: 0.96, val loss: 0.27543, val accuracy: 0.9213
INFO - 2020/03/07 02:02 -- 0:30:51 - Iter: 19300, train loss: 0.13029, train accuracy: 0.95, val loss: 0.27591, val accuracy: 0.9214
INFO - 2020/03/07 02:02 -- 0:31:00 - Iter: 19400, train loss: 0.05399, train accuracy: 0.99, val loss: 0.27575, val accuracy: 0.9216
INFO - 2020/03/07 02:02 -- 0:31:09 - Iter: 19500, train loss: 0.09452, train accuracy: 0.97, val loss: 0.27534, val accuracy: 0.922
INFO - 2020/03/07 02:02 -- 0:31:18 - Iter: 19600, train loss: 0.10976, train accuracy: 0.96, val loss: 0.27533, val accuracy: 0.9219
INFO - 2020/03/07 02:03 -- 0:31:27 - Iter: 19700, train loss: 0.12354, train accuracy: 0.94, val loss: 0.27602, val accuracy: 0.9218
INFO - 2020/03/07 02:03 -- 0:31:36 - Iter: 19800, train loss: 0.11483, train accuracy: 0.97, val loss: 0.27574, val accuracy: 0.9221
INFO - 2020/03/07 02:03 -- 0:31:36 - 10th epoch finished, val epoch loss:0.27496, val epoch accuracy:0.92173
INFO - 2020/03/07 02:03 -- 0:31:36 - ========================================
INFO - 2020/03/07 02:03 -- 0:31:36 - Early Stopping triggered after 11 epoches, calculating test accuracy...
INFO - 2020/03/07 02:03 -- 0:31:36 - ------------------------------>Training 11th epoch<------------------------------
INFO - 2020/03/07 02:03 -- 0:31:45 - Iter: 19900, train loss: 0.14723, train accuracy: 0.95, val loss: 0.27544, val accuracy: 0.9229
INFO - 2020/03/07 02:03 -- 0:31:54 - Iter: 20000, train loss: 0.07091, train accuracy: 0.98, val loss: 0.2753, val accuracy: 0.9222
INFO - 2020/03/07 02:03 -- 0:32:03 - Iter: 20100, train loss: 0.19405, train accuracy: 0.9, val loss: 0.27541, val accuracy: 0.9222
INFO - 2020/03/07 02:03 -- 0:32:12 - Iter: 20200, train loss: 0.10131, train accuracy: 0.96, val loss: 0.27511, val accuracy: 0.9216
INFO - 2020/03/07 02:03 -- 0:32:21 - Iter: 20300, train loss: 0.08654, train accuracy: 0.99, val loss: 0.27487, val accuracy: 0.9213
INFO - 2020/03/07 02:04 -- 0:32:31 - Iter: 20400, train loss: 0.11738, train accuracy: 0.97, val loss: 0.27498, val accuracy: 0.9209
INFO - 2020/03/07 02:04 -- 0:32:39 - Iter: 20500, train loss: 0.14966, train accuracy: 0.95, val loss: 0.275, val accuracy: 0.9214
INFO - 2020/03/07 02:04 -- 0:32:48 - Iter: 20600, train loss: 0.12094, train accuracy: 0.95, val loss: 0.27499, val accuracy: 0.9211
INFO - 2020/03/07 02:04 -- 0:32:57 - Iter: 20700, train loss: 0.12075, train accuracy: 0.97, val loss: 0.27499, val accuracy: 0.921
INFO - 2020/03/07 02:04 -- 0:33:06 - Iter: 20800, train loss: 0.10731, train accuracy: 0.97, val loss: 0.27495, val accuracy: 0.9215
INFO - 2020/03/07 02:04 -- 0:33:15 - Iter: 20900, train loss: 0.11782, train accuracy: 0.94, val loss: 0.27551, val accuracy: 0.9215
INFO - 2020/03/07 02:05 -- 0:33:25 - Iter: 21000, train loss: 0.12323, train accuracy: 0.94, val loss: 0.27537, val accuracy: 0.9212
INFO - 2020/03/07 02:05 -- 0:33:34 - Iter: 21100, train loss: 0.13605, train accuracy: 0.96, val loss: 0.27558, val accuracy: 0.9213
INFO - 2020/03/07 02:05 -- 0:33:43 - Iter: 21200, train loss: 0.10937, train accuracy: 0.96, val loss: 0.27562, val accuracy: 0.9213
INFO - 2020/03/07 02:05 -- 0:33:52 - Iter: 21300, train loss: 0.08365, train accuracy: 0.98, val loss: 0.27572, val accuracy: 0.9213
INFO - 2020/03/07 02:05 -- 0:34:03 - Iter: 21400, train loss: 0.06584, train accuracy: 0.97, val loss: 0.27579, val accuracy: 0.9214
INFO - 2020/03/07 02:05 -- 0:34:12 - Iter: 21500, train loss: 0.13089, train accuracy: 0.93, val loss: 0.27596, val accuracy: 0.9216
INFO - 2020/03/07 02:06 -- 0:34:22 - Iter: 21600, train loss: 0.10927, train accuracy: 0.96, val loss: 0.27609, val accuracy: 0.922
INFO - 2020/03/07 02:06 -- 0:34:22 - 11th epoch finished, val epoch loss:0.27537, val epoch accuracy:0.92154
INFO - 2020/03/07 02:06 -- 0:34:22 - ========================================
INFO - 2020/03/07 02:06 -- 0:34:22 - Early Stopping triggered after 12 epoches, calculating test accuracy...
INFO - 2020/03/07 02:06 -- 0:34:22 - ------------------------------>Training 12th epoch<------------------------------
INFO - 2020/03/07 02:06 -- 0:34:33 - Iter: 21700, train loss: 0.11347, train accuracy: 0.95, val loss: 0.27599, val accuracy: 0.9221
INFO - 2020/03/07 02:06 -- 0:34:43 - Iter: 21800, train loss: 0.07518, train accuracy: 0.98, val loss: 0.27587, val accuracy: 0.9219
INFO - 2020/03/07 02:06 -- 0:34:55 - Iter: 21900, train loss: 0.17311, train accuracy: 0.95, val loss: 0.27571, val accuracy: 0.9219
INFO - 2020/03/07 02:06 -- 0:35:05 - Iter: 22000, train loss: 0.07057, train accuracy: 0.98, val loss: 0.27551, val accuracy: 0.9217
INFO - 2020/03/07 02:06 -- 0:35:14 - Iter: 22100, train loss: 0.14668, train accuracy: 0.95, val loss: 0.27536, val accuracy: 0.9219
INFO - 2020/03/07 02:07 -- 0:35:24 - Iter: 22200, train loss: 0.10748, train accuracy: 0.98, val loss: 0.27541, val accuracy: 0.9214
INFO - 2020/03/07 02:07 -- 0:35:34 - Iter: 22300, train loss: 0.16144, train accuracy: 0.94, val loss: 0.27521, val accuracy: 0.9215
INFO - 2020/03/07 02:07 -- 0:35:44 - Iter: 22400, train loss: 0.08549, train accuracy: 0.99, val loss: 0.27526, val accuracy: 0.9212
INFO - 2020/03/07 02:07 -- 0:35:53 - Iter: 22500, train loss: 0.10536, train accuracy: 0.97, val loss: 0.27522, val accuracy: 0.9213
INFO - 2020/03/07 02:07 -- 0:36:02 - Iter: 22600, train loss: 0.05347, train accuracy: 1.0, val loss: 0.27523, val accuracy: 0.9212
INFO - 2020/03/07 02:07 -- 0:36:11 - Iter: 22700, train loss: 0.14324, train accuracy: 0.95, val loss: 0.27545, val accuracy: 0.9219
INFO - 2020/03/07 02:07 -- 0:36:21 - Iter: 22800, train loss: 0.13139, train accuracy: 0.98, val loss: 0.27549, val accuracy: 0.9215
INFO - 2020/03/07 02:08 -- 0:36:30 - Iter: 22900, train loss: 0.07566, train accuracy: 0.97, val loss: 0.27562, val accuracy: 0.9218
INFO - 2020/03/07 02:08 -- 0:36:39 - Iter: 23000, train loss: 0.07235, train accuracy: 0.96, val loss: 0.27576, val accuracy: 0.9218
INFO - 2020/03/07 02:08 -- 0:36:48 - Iter: 23100, train loss: 0.08819, train accuracy: 0.98, val loss: 0.27567, val accuracy: 0.9221
INFO - 2020/03/07 02:08 -- 0:36:57 - Iter: 23200, train loss: 0.1125, train accuracy: 0.96, val loss: 0.27564, val accuracy: 0.9221
INFO - 2020/03/07 02:08 -- 0:37:07 - Iter: 23300, train loss: 0.14777, train accuracy: 0.94, val loss: 0.27564, val accuracy: 0.9221
INFO - 2020/03/07 02:08 -- 0:37:16 - Iter: 23400, train loss: 0.13575, train accuracy: 0.96, val loss: 0.27569, val accuracy: 0.9223
INFO - 2020/03/07 02:08 -- 0:37:16 - 12th epoch finished, val epoch loss:0.27554, val epoch accuracy:0.92176
INFO - 2020/03/07 02:08 -- 0:37:16 - ========================================
INFO - 2020/03/07 02:08 -- 0:37:16 - Early Stopping triggered after 13 epoches, calculating test accuracy...
INFO - 2020/03/07 02:08 -- 0:37:16 - ------------------------------>Training 13th epoch<------------------------------
INFO - 2020/03/07 02:09 -- 0:37:25 - Iter: 23500, train loss: 0.09485, train accuracy: 0.95, val loss: 0.2756, val accuracy: 0.9224
INFO - 2020/03/07 02:09 -- 0:37:34 - Iter: 23600, train loss: 0.11424, train accuracy: 0.96, val loss: 0.27557, val accuracy: 0.9222
INFO - 2020/03/07 02:09 -- 0:37:44 - Iter: 23700, train loss: 0.13729, train accuracy: 0.96, val loss: 0.27553, val accuracy: 0.9221
INFO - 2020/03/07 02:09 -- 0:37:53 - Iter: 23800, train loss: 0.12392, train accuracy: 0.95, val loss: 0.27544, val accuracy: 0.9219
INFO - 2020/03/07 02:09 -- 0:38:02 - Iter: 23900, train loss: 0.12536, train accuracy: 0.98, val loss: 0.27538, val accuracy: 0.9219
INFO - 2020/03/07 02:09 -- 0:38:11 - Iter: 24000, train loss: 0.15465, train accuracy: 0.95, val loss: 0.2754, val accuracy: 0.9219
INFO - 2020/03/07 02:09 -- 0:38:21 - Iter: 24100, train loss: 0.21113, train accuracy: 0.94, val loss: 0.27538, val accuracy: 0.922
INFO - 2020/03/07 02:10 -- 0:38:30 - Iter: 24200, train loss: 0.07333, train accuracy: 0.98, val loss: 0.27534, val accuracy: 0.9217
INFO - 2020/03/07 02:10 -- 0:38:39 - Iter: 24300, train loss: 0.13772, train accuracy: 0.95, val loss: 0.27543, val accuracy: 0.9217
INFO - 2020/03/07 02:10 -- 0:38:48 - Iter: 24400, train loss: 0.07302, train accuracy: 0.98, val loss: 0.27544, val accuracy: 0.9221
INFO - 2020/03/07 02:10 -- 0:38:58 - Iter: 24500, train loss: 0.05291, train accuracy: 0.98, val loss: 0.27556, val accuracy: 0.922
INFO - 2020/03/07 02:10 -- 0:39:07 - Iter: 24600, train loss: 0.17919, train accuracy: 0.9, val loss: 0.2756, val accuracy: 0.9218
INFO - 2020/03/07 02:10 -- 0:39:17 - Iter: 24700, train loss: 0.16708, train accuracy: 0.96, val loss: 0.27571, val accuracy: 0.9218
INFO - 2020/03/07 02:11 -- 0:39:26 - Iter: 24800, train loss: 0.07273, train accuracy: 0.97, val loss: 0.27573, val accuracy: 0.9218
INFO - 2020/03/07 02:11 -- 0:39:35 - Iter: 24900, train loss: 0.10416, train accuracy: 0.95, val loss: 0.27575, val accuracy: 0.9218
INFO - 2020/03/07 02:11 -- 0:39:44 - Iter: 25000, train loss: 0.07724, train accuracy: 0.99, val loss: 0.27576, val accuracy: 0.9218
INFO - 2020/03/07 02:11 -- 0:39:54 - Iter: 25100, train loss: 0.20615, train accuracy: 0.95, val loss: 0.27576, val accuracy: 0.9219
INFO - 2020/03/07 02:11 -- 0:40:03 - Iter: 25200, train loss: 0.09822, train accuracy: 0.97, val loss: 0.27581, val accuracy: 0.9218
INFO - 2020/03/07 02:11 -- 0:40:03 - 13th epoch finished, val epoch loss:0.27557, val epoch accuracy:0.92192
INFO - 2020/03/07 02:11 -- 0:40:03 - ========================================
INFO - 2020/03/07 02:11 -- 0:40:03 - Early Stopping triggered after 14 epoches, calculating test accuracy...
INFO - 2020/03/07 02:11 -- 0:40:03 - ------------------------------>Training 14th epoch<------------------------------
INFO - 2020/03/07 02:11 -- 0:40:12 - Iter: 25300, train loss: 0.07938, train accuracy: 0.98, val loss: 0.27581, val accuracy: 0.9218
INFO - 2020/03/07 02:11 -- 0:40:21 - Iter: 25400, train loss: 0.07745, train accuracy: 0.98, val loss: 0.27582, val accuracy: 0.9218
INFO - 2020/03/07 02:12 -- 0:40:30 - Iter: 25500, train loss: 0.17361, train accuracy: 0.94, val loss: 0.27584, val accuracy: 0.9218
INFO - 2020/03/07 02:12 -- 0:40:40 - Iter: 25600, train loss: 0.09835, train accuracy: 0.97, val loss: 0.27579, val accuracy: 0.9218
INFO - 2020/03/07 02:12 -- 0:40:49 - Iter: 25700, train loss: 0.12614, train accuracy: 0.96, val loss: 0.27575, val accuracy: 0.9217
INFO - 2020/03/07 02:12 -- 0:40:58 - Iter: 25800, train loss: 0.17188, train accuracy: 0.92, val loss: 0.27573, val accuracy: 0.9218
INFO - 2020/03/07 02:12 -- 0:41:07 - Iter: 25900, train loss: 0.15169, train accuracy: 0.96, val loss: 0.27569, val accuracy: 0.9218
INFO - 2020/03/07 02:12 -- 0:41:16 - Iter: 26000, train loss: 0.09819, train accuracy: 0.96, val loss: 0.27567, val accuracy: 0.9218
INFO - 2020/03/07 02:13 -- 0:41:25 - Iter: 26100, train loss: 0.19618, train accuracy: 0.95, val loss: 0.27567, val accuracy: 0.9218
INFO - 2020/03/07 02:13 -- 0:41:35 - Iter: 26200, train loss: 0.13648, train accuracy: 0.95, val loss: 0.27563, val accuracy: 0.9218
INFO - 2020/03/07 02:13 -- 0:41:44 - Iter: 26300, train loss: 0.08455, train accuracy: 0.98, val loss: 0.2757, val accuracy: 0.9217
INFO - 2020/03/07 02:13 -- 0:41:53 - Iter: 26400, train loss: 0.20009, train accuracy: 0.92, val loss: 0.2757, val accuracy: 0.9217
INFO - 2020/03/07 02:13 -- 0:42:02 - Iter: 26500, train loss: 0.12634, train accuracy: 0.96, val loss: 0.27574, val accuracy: 0.9217
INFO - 2020/03/07 02:13 -- 0:42:11 - Iter: 26600, train loss: 0.11689, train accuracy: 0.96, val loss: 0.27578, val accuracy: 0.9217
INFO - 2020/03/07 02:13 -- 0:42:20 - Iter: 26700, train loss: 0.09512, train accuracy: 0.96, val loss: 0.27578, val accuracy: 0.9217
INFO - 2020/03/07 02:14 -- 0:42:30 - Iter: 26800, train loss: 0.11203, train accuracy: 0.96, val loss: 0.27578, val accuracy: 0.9218
INFO - 2020/03/07 02:14 -- 0:42:39 - Iter: 26900, train loss: 0.15087, train accuracy: 0.95, val loss: 0.2758, val accuracy: 0.9217
INFO - 2020/03/07 02:14 -- 0:42:48 - Iter: 27000, train loss: 0.14975, train accuracy: 0.96, val loss: 0.27583, val accuracy: 0.9217
INFO - 2020/03/07 02:14 -- 0:42:48 - 14th epoch finished, val epoch loss:0.27575, val epoch accuracy:0.92176
INFO - 2020/03/07 02:14 -- 0:42:48 - ========================================
INFO - 2020/03/07 02:14 -- 0:42:48 - Early Stopping triggered after 15 epoches, calculating test accuracy...
INFO - 2020/03/07 02:14 -- 0:42:48 - ------------------------------>Training 15th epoch<------------------------------
INFO - 2020/03/07 02:14 -- 0:42:57 - Iter: 27100, train loss: 0.10746, train accuracy: 0.96, val loss: 0.2758, val accuracy: 0.9217
INFO - 2020/03/07 02:14 -- 0:43:06 - Iter: 27200, train loss: 0.0493, train accuracy: 1.0, val loss: 0.27579, val accuracy: 0.9217
INFO - 2020/03/07 02:14 -- 0:43:15 - Iter: 27300, train loss: 0.15238, train accuracy: 0.96, val loss: 0.27578, val accuracy: 0.9219
INFO - 2020/03/07 02:15 -- 0:43:24 - Iter: 27400, train loss: 0.10585, train accuracy: 0.96, val loss: 0.27576, val accuracy: 0.9219
INFO - 2020/03/07 02:15 -- 0:43:34 - Iter: 27500, train loss: 0.12929, train accuracy: 0.96, val loss: 0.27573, val accuracy: 0.9217
INFO - 2020/03/07 02:15 -- 0:43:43 - Iter: 27600, train loss: 0.12653, train accuracy: 0.97, val loss: 0.27574, val accuracy: 0.9218
INFO - 2020/03/07 02:15 -- 0:43:52 - Iter: 27700, train loss: 0.09878, train accuracy: 0.95, val loss: 0.27573, val accuracy: 0.9218
INFO - 2020/03/07 02:15 -- 0:44:01 - Iter: 27800, train loss: 0.10991, train accuracy: 0.96, val loss: 0.27573, val accuracy: 0.9217
INFO - 2020/03/07 02:15 -- 0:44:10 - Iter: 27900, train loss: 0.20955, train accuracy: 0.94, val loss: 0.27573, val accuracy: 0.9218
INFO - 2020/03/07 02:15 -- 0:44:20 - Iter: 28000, train loss: 0.08825, train accuracy: 0.97, val loss: 0.27573, val accuracy: 0.9218
INFO - 2020/03/07 02:16 -- 0:44:29 - Iter: 28100, train loss: 0.08627, train accuracy: 0.98, val loss: 0.27575, val accuracy: 0.9217
INFO - 2020/03/07 02:16 -- 0:44:38 - Iter: 28200, train loss: 0.18437, train accuracy: 0.95, val loss: 0.27575, val accuracy: 0.9217
INFO - 2020/03/07 02:16 -- 0:44:47 - Iter: 28300, train loss: 0.07588, train accuracy: 0.98, val loss: 0.27576, val accuracy: 0.9217
INFO - 2020/03/07 02:16 -- 0:44:56 - Iter: 28400, train loss: 0.13787, train accuracy: 0.93, val loss: 0.27577, val accuracy: 0.9215
INFO - 2020/03/07 02:16 -- 0:45:06 - Iter: 28500, train loss: 0.08609, train accuracy: 0.98, val loss: 0.27577, val accuracy: 0.9216
INFO - 2020/03/07 02:16 -- 0:45:15 - Iter: 28600, train loss: 0.09515, train accuracy: 0.97, val loss: 0.27576, val accuracy: 0.9217
INFO - 2020/03/07 02:17 -- 0:45:24 - Iter: 28700, train loss: 0.10238, train accuracy: 0.96, val loss: 0.27577, val accuracy: 0.9216
INFO - 2020/03/07 02:17 -- 0:45:33 - Iter: 28800, train loss: 0.11322, train accuracy: 0.95, val loss: 0.27577, val accuracy: 0.9217
INFO - 2020/03/07 02:17 -- 0:45:33 - 15th epoch finished, val epoch loss:0.27576, val epoch accuracy:0.92172
INFO - 2020/03/07 02:17 -- 0:45:33 - ========================================
INFO - 2020/03/07 02:17 -- 0:45:33 - Early Stopping triggered after 16 epoches, calculating test accuracy...
INFO - 2020/03/07 02:17 -- 0:45:33 - ------------------------------>Training 16th epoch<------------------------------
INFO - 2020/03/07 02:17 -- 0:45:43 - Iter: 28900, train loss: 0.09761, train accuracy: 0.98, val loss: 0.27578, val accuracy: 0.9219
INFO - 2020/03/07 02:17 -- 0:45:53 - Iter: 29000, train loss: 0.08372, train accuracy: 0.97, val loss: 0.27578, val accuracy: 0.9218
INFO - 2020/03/07 02:17 -- 0:46:02 - Iter: 29100, train loss: 0.14716, train accuracy: 0.93, val loss: 0.27578, val accuracy: 0.9218
INFO - 2020/03/07 02:17 -- 0:46:11 - Iter: 29200, train loss: 0.09174, train accuracy: 0.96, val loss: 0.27577, val accuracy: 0.9218
INFO - 2020/03/07 02:17 -- 0:46:20 - Iter: 29300, train loss: 0.11287, train accuracy: 0.96, val loss: 0.27576, val accuracy: 0.9217
INFO - 2020/03/07 02:18 -- 0:46:30 - Iter: 29400, train loss: 0.13127, train accuracy: 0.94, val loss: 0.27576, val accuracy: 0.9217
INFO - 2020/03/07 02:18 -- 0:46:39 - Iter: 29500, train loss: 0.14215, train accuracy: 0.95, val loss: 0.27576, val accuracy: 0.9217
INFO - 2020/03/07 02:18 -- 0:46:48 - Iter: 29600, train loss: 0.1402, train accuracy: 0.96, val loss: 0.27576, val accuracy: 0.9217
INFO - 2020/03/07 02:18 -- 0:46:58 - Iter: 29700, train loss: 0.14242, train accuracy: 0.96, val loss: 0.27575, val accuracy: 0.9217
INFO - 2020/03/07 02:18 -- 0:47:07 - Iter: 29800, train loss: 0.06237, train accuracy: 0.99, val loss: 0.27575, val accuracy: 0.9217
INFO - 2020/03/07 02:18 -- 0:47:16 - Iter: 29900, train loss: 0.09236, train accuracy: 0.97, val loss: 0.27576, val accuracy: 0.9217
INFO - 2020/03/07 02:19 -- 0:47:26 - Iter: 30000, train loss: 0.14494, train accuracy: 0.94, val loss: 0.27576, val accuracy: 0.9217
INFO - 2020/03/07 02:19 -- 0:47:35 - Iter: 30100, train loss: 0.0862, train accuracy: 0.96, val loss: 0.27577, val accuracy: 0.9217
INFO - 2020/03/07 02:19 -- 0:47:44 - Iter: 30200, train loss: 0.1269, train accuracy: 0.95, val loss: 0.27577, val accuracy: 0.9217
INFO - 2020/03/07 02:19 -- 0:47:54 - Iter: 30300, train loss: 0.10312, train accuracy: 0.97, val loss: 0.27578, val accuracy: 0.9217
INFO - 2020/03/07 02:19 -- 0:48:03 - Iter: 30400, train loss: 0.0787, train accuracy: 0.98, val loss: 0.27578, val accuracy: 0.9217
INFO - 2020/03/07 02:19 -- 0:48:12 - Iter: 30500, train loss: 0.104, train accuracy: 0.97, val loss: 0.27578, val accuracy: 0.9217
INFO - 2020/03/07 02:19 -- 0:48:21 - Iter: 30600, train loss: 0.09795, train accuracy: 0.98, val loss: 0.27579, val accuracy: 0.9217
INFO - 2020/03/07 02:19 -- 0:48:21 - 16th epoch finished, val epoch loss:0.27577, val epoch accuracy:0.92173
INFO - 2020/03/07 02:19 -- 0:48:21 - ========================================
INFO - 2020/03/07 02:19 -- 0:48:21 - Early Stopping triggered after 17 epoches, calculating test accuracy...
INFO - 2020/03/07 02:19 -- 0:48:21 - ------------------------------>Training 17th epoch<------------------------------
INFO - 2020/03/07 02:20 -- 0:48:30 - Iter: 30700, train loss: 0.13328, train accuracy: 0.94, val loss: 0.27579, val accuracy: 0.9217
INFO - 2020/03/07 02:20 -- 0:48:40 - Iter: 30800, train loss: 0.06452, train accuracy: 0.98, val loss: 0.27579, val accuracy: 0.9217
INFO - 2020/03/07 02:20 -- 0:48:49 - Iter: 30900, train loss: 0.18782, train accuracy: 0.93, val loss: 0.27579, val accuracy: 0.9217
INFO - 2020/03/07 02:20 -- 0:48:58 - Iter: 31000, train loss: 0.07796, train accuracy: 0.98, val loss: 0.27579, val accuracy: 0.9217
INFO - 2020/03/07 02:20 -- 0:49:07 - Iter: 31100, train loss: 0.16203, train accuracy: 0.97, val loss: 0.27578, val accuracy: 0.9217
INFO - 2020/03/07 02:20 -- 0:49:16 - Iter: 31200, train loss: 0.13141, train accuracy: 0.95, val loss: 0.27578, val accuracy: 0.9217
INFO - 2020/03/07 02:21 -- 0:49:26 - Iter: 31300, train loss: 0.12776, train accuracy: 0.96, val loss: 0.27578, val accuracy: 0.9217
INFO - 2020/03/07 02:21 -- 0:49:35 - Iter: 31400, train loss: 0.08334, train accuracy: 0.95, val loss: 0.27578, val accuracy: 0.9217
INFO - 2020/03/07 02:21 -- 0:49:44 - Iter: 31500, train loss: 0.14987, train accuracy: 0.95, val loss: 0.27577, val accuracy: 0.9217
INFO - 2020/03/07 02:21 -- 0:49:53 - Iter: 31600, train loss: 0.09692, train accuracy: 0.97, val loss: 0.27577, val accuracy: 0.9217
INFO - 2020/03/07 02:21 -- 0:50:02 - Iter: 31700, train loss: 0.08676, train accuracy: 0.97, val loss: 0.27578, val accuracy: 0.9217
INFO - 2020/03/07 02:21 -- 0:50:11 - Iter: 31800, train loss: 0.18545, train accuracy: 0.93, val loss: 0.27578, val accuracy: 0.9217
INFO - 2020/03/07 02:21 -- 0:50:21 - Iter: 31900, train loss: 0.06261, train accuracy: 0.99, val loss: 0.27578, val accuracy: 0.9217
INFO - 2020/03/07 02:22 -- 0:50:30 - Iter: 32000, train loss: 0.06507, train accuracy: 0.98, val loss: 0.27578, val accuracy: 0.9217
INFO - 2020/03/07 02:22 -- 0:50:39 - Iter: 32100, train loss: 0.11726, train accuracy: 0.95, val loss: 0.27578, val accuracy: 0.9217
INFO - 2020/03/07 02:22 -- 0:50:48 - Iter: 32200, train loss: 0.11711, train accuracy: 0.97, val loss: 0.27578, val accuracy: 0.9217
INFO - 2020/03/07 02:22 -- 0:50:58 - Iter: 32300, train loss: 0.09852, train accuracy: 0.97, val loss: 0.27579, val accuracy: 0.9217
INFO - 2020/03/07 02:22 -- 0:51:07 - Iter: 32400, train loss: 0.12087, train accuracy: 0.95, val loss: 0.27579, val accuracy: 0.9217
INFO - 2020/03/07 02:22 -- 0:51:07 - 17th epoch finished, val epoch loss:0.27578, val epoch accuracy:0.9217
INFO - 2020/03/07 02:22 -- 0:51:07 - ========================================
INFO - 2020/03/07 02:22 -- 0:51:07 - Early Stopping triggered after 18 epoches, calculating test accuracy...
INFO - 2020/03/07 02:22 -- 0:51:07 - ------------------------------>Training 18th epoch<------------------------------
INFO - 2020/03/07 02:22 -- 0:51:17 - Iter: 32500, train loss: 0.13405, train accuracy: 0.95, val loss: 0.27579, val accuracy: 0.9217
INFO - 2020/03/07 02:23 -- 0:51:27 - Iter: 32600, train loss: 0.08397, train accuracy: 0.97, val loss: 0.27579, val accuracy: 0.9217
INFO - 2020/03/07 02:23 -- 0:51:37 - Iter: 32700, train loss: 0.20373, train accuracy: 0.93, val loss: 0.27579, val accuracy: 0.9217
INFO - 2020/03/07 02:23 -- 0:51:48 - Iter: 32800, train loss: 0.0499, train accuracy: 0.99, val loss: 0.27579, val accuracy: 0.9217
INFO - 2020/03/07 02:23 -- 0:51:58 - Iter: 32900, train loss: 0.12436, train accuracy: 0.98, val loss: 0.27578, val accuracy: 0.9217
INFO - 2020/03/07 02:23 -- 0:52:08 - Iter: 33000, train loss: 0.18081, train accuracy: 0.93, val loss: 0.27578, val accuracy: 0.9217
INFO - 2020/03/07 02:23 -- 0:52:18 - Iter: 33100, train loss: 0.19459, train accuracy: 0.94, val loss: 0.27578, val accuracy: 0.9217
INFO - 2020/03/07 02:24 -- 0:52:28 - Iter: 33200, train loss: 0.05886, train accuracy: 0.99, val loss: 0.27578, val accuracy: 0.9217
INFO - 2020/03/07 02:24 -- 0:52:38 - Iter: 33300, train loss: 0.16901, train accuracy: 0.96, val loss: 0.27578, val accuracy: 0.9217
INFO - 2020/03/07 02:24 -- 0:52:49 - Iter: 33400, train loss: 0.06743, train accuracy: 0.99, val loss: 0.27578, val accuracy: 0.9217
INFO - 2020/03/07 02:24 -- 0:53:00 - Iter: 33500, train loss: 0.11888, train accuracy: 0.96, val loss: 0.27578, val accuracy: 0.9217
INFO - 2020/03/07 02:24 -- 0:53:10 - Iter: 33600, train loss: 0.13279, train accuracy: 0.94, val loss: 0.27578, val accuracy: 0.9217
INFO - 2020/03/07 02:24 -- 0:53:19 - Iter: 33700, train loss: 0.18887, train accuracy: 0.94, val loss: 0.27578, val accuracy: 0.9217
INFO - 2020/03/07 02:25 -- 0:53:29 - Iter: 33800, train loss: 0.09123, train accuracy: 0.95, val loss: 0.27578, val accuracy: 0.9217
INFO - 2020/03/07 02:25 -- 0:53:38 - Iter: 33900, train loss: 0.07984, train accuracy: 0.99, val loss: 0.27578, val accuracy: 0.9217
INFO - 2020/03/07 02:25 -- 0:53:48 - Iter: 34000, train loss: 0.08952, train accuracy: 0.97, val loss: 0.27578, val accuracy: 0.9217
INFO - 2020/03/07 02:25 -- 0:53:57 - Iter: 34100, train loss: 0.11843, train accuracy: 0.94, val loss: 0.27578, val accuracy: 0.9217
INFO - 2020/03/07 02:25 -- 0:54:07 - Iter: 34200, train loss: 0.14824, train accuracy: 0.95, val loss: 0.27579, val accuracy: 0.9217
INFO - 2020/03/07 02:25 -- 0:54:07 - 18th epoch finished, val epoch loss:0.27578, val epoch accuracy:0.9217
INFO - 2020/03/07 02:25 -- 0:54:07 - ========================================
INFO - 2020/03/07 02:25 -- 0:54:07 - Early Stopping triggered after 19 epoches, calculating test accuracy...
INFO - 2020/03/07 02:25 -- 0:54:07 - ------------------------------>Training 19th epoch<------------------------------
INFO - 2020/03/07 02:25 -- 0:54:17 - Iter: 34300, train loss: 0.12132, train accuracy: 0.95, val loss: 0.27578, val accuracy: 0.9217
INFO - 2020/03/07 02:26 -- 0:54:26 - Iter: 34400, train loss: 0.09028, train accuracy: 0.97, val loss: 0.27578, val accuracy: 0.9217
INFO - 2020/03/07 02:26 -- 0:54:36 - Iter: 34500, train loss: 0.15108, train accuracy: 0.94, val loss: 0.27578, val accuracy: 0.9217
INFO - 2020/03/07 02:26 -- 0:54:45 - Iter: 34600, train loss: 0.06359, train accuracy: 0.98, val loss: 0.27578, val accuracy: 0.9217
INFO - 2020/03/07 02:26 -- 0:54:55 - Iter: 34700, train loss: 0.07841, train accuracy: 0.99, val loss: 0.27578, val accuracy: 0.9217
INFO - 2020/03/07 02:26 -- 0:55:04 - Iter: 34800, train loss: 0.15778, train accuracy: 0.94, val loss: 0.27578, val accuracy: 0.9217
INFO - 2020/03/07 02:26 -- 0:55:13 - Iter: 34900, train loss: 0.17216, train accuracy: 0.94, val loss: 0.27578, val accuracy: 0.9217
INFO - 2020/03/07 02:26 -- 0:55:22 - Iter: 35000, train loss: 0.09509, train accuracy: 0.97, val loss: 0.27578, val accuracy: 0.9217
INFO - 2020/03/07 02:27 -- 0:55:31 - Iter: 35100, train loss: 0.12487, train accuracy: 0.97, val loss: 0.27578, val accuracy: 0.9217
INFO - 2020/03/07 02:27 -- 0:55:41 - Iter: 35200, train loss: 0.07967, train accuracy: 0.97, val loss: 0.27578, val accuracy: 0.9217
INFO - 2020/03/07 02:27 -- 0:55:51 - Iter: 35300, train loss: 0.08426, train accuracy: 0.97, val loss: 0.27578, val accuracy: 0.9217
INFO - 2020/03/07 02:27 -- 0:56:00 - Iter: 35400, train loss: 0.17845, train accuracy: 0.92, val loss: 0.27578, val accuracy: 0.9217
INFO - 2020/03/07 02:27 -- 0:56:09 - Iter: 35500, train loss: 0.09906, train accuracy: 0.97, val loss: 0.27578, val accuracy: 0.9217
INFO - 2020/03/07 02:27 -- 0:56:18 - Iter: 35600, train loss: 0.083, train accuracy: 0.97, val loss: 0.27578, val accuracy: 0.9217
INFO - 2020/03/07 02:28 -- 0:56:28 - Iter: 35700, train loss: 0.10216, train accuracy: 0.97, val loss: 0.27578, val accuracy: 0.9217
INFO - 2020/03/07 02:28 -- 0:56:37 - Iter: 35800, train loss: 0.07632, train accuracy: 0.97, val loss: 0.27578, val accuracy: 0.9217
INFO - 2020/03/07 02:28 -- 0:56:46 - Iter: 35900, train loss: 0.1319, train accuracy: 0.96, val loss: 0.27578, val accuracy: 0.9217
INFO - 2020/03/07 02:28 -- 0:56:55 - Iter: 36000, train loss: 0.10789, train accuracy: 0.96, val loss: 0.27579, val accuracy: 0.9217
INFO - 2020/03/07 02:28 -- 0:56:55 - 19th epoch finished, val epoch loss:0.27578, val epoch accuracy:0.9217
INFO - 2020/03/07 02:28 -- 0:56:55 - ========================================
INFO - 2020/03/07 02:28 -- 0:56:55 - Early Stopping triggered after 20 epoches, calculating test accuracy...
INFO - 2020/03/07 02:28 -- 0:56:55 - ------------------------------>Training 20th epoch<------------------------------
INFO - 2020/03/07 02:28 -- 0:57:04 - Iter: 36100, train loss: 0.13024, train accuracy: 0.94, val loss: 0.27579, val accuracy: 0.9217
INFO - 2020/03/07 02:28 -- 0:57:13 - Iter: 36200, train loss: 0.08498, train accuracy: 0.97, val loss: 0.27579, val accuracy: 0.9217
INFO - 2020/03/07 02:28 -- 0:57:22 - Iter: 36300, train loss: 0.12957, train accuracy: 0.96, val loss: 0.27579, val accuracy: 0.9217
INFO - 2020/03/07 02:29 -- 0:57:31 - Iter: 36400, train loss: 0.08626, train accuracy: 0.97, val loss: 0.27578, val accuracy: 0.9217
INFO - 2020/03/07 02:29 -- 0:57:40 - Iter: 36500, train loss: 0.08797, train accuracy: 0.98, val loss: 0.27578, val accuracy: 0.9217
INFO - 2020/03/07 02:29 -- 0:57:49 - Iter: 36600, train loss: 0.07739, train accuracy: 0.97, val loss: 0.27578, val accuracy: 0.9217
INFO - 2020/03/07 02:29 -- 0:57:59 - Iter: 36700, train loss: 0.16805, train accuracy: 0.96, val loss: 0.27578, val accuracy: 0.9217
INFO - 2020/03/07 02:29 -- 0:58:08 - Iter: 36800, train loss: 0.06615, train accuracy: 0.98, val loss: 0.27578, val accuracy: 0.9217
INFO - 2020/03/07 02:29 -- 0:58:18 - Iter: 36900, train loss: 0.15447, train accuracy: 0.93, val loss: 0.27578, val accuracy: 0.9217
INFO - 2020/03/07 02:30 -- 0:58:28 - Iter: 37000, train loss: 0.08737, train accuracy: 0.96, val loss: 0.27578, val accuracy: 0.9217
INFO - 2020/03/07 02:30 -- 0:58:38 - Iter: 37100, train loss: 0.05786, train accuracy: 0.97, val loss: 0.27578, val accuracy: 0.9217
INFO - 2020/03/07 02:30 -- 0:58:48 - Iter: 37200, train loss: 0.1482, train accuracy: 0.94, val loss: 0.27578, val accuracy: 0.9217
INFO - 2020/03/07 02:30 -- 0:58:58 - Iter: 37300, train loss: 0.12145, train accuracy: 0.97, val loss: 0.27579, val accuracy: 0.9217
INFO - 2020/03/07 02:30 -- 0:59:08 - Iter: 37400, train loss: 0.05548, train accuracy: 0.99, val loss: 0.27579, val accuracy: 0.9217
INFO - 2020/03/07 02:30 -- 0:59:18 - Iter: 37500, train loss: 0.06294, train accuracy: 0.99, val loss: 0.27579, val accuracy: 0.9217
INFO - 2020/03/07 02:31 -- 0:59:28 - Iter: 37600, train loss: 0.08705, train accuracy: 0.97, val loss: 0.27579, val accuracy: 0.9217
INFO - 2020/03/07 02:31 -- 0:59:39 - Iter: 37700, train loss: 0.13645, train accuracy: 0.95, val loss: 0.27579, val accuracy: 0.9217
INFO - 2020/03/07 02:31 -- 0:59:51 - Iter: 37800, train loss: 0.09627, train accuracy: 0.97, val loss: 0.27579, val accuracy: 0.9217
INFO - 2020/03/07 02:31 -- 0:59:51 - 20th epoch finished, val epoch loss:0.27579, val epoch accuracy:0.9217
INFO - 2020/03/07 02:31 -- 0:59:51 - ========================================
INFO - 2020/03/07 02:31 -- 0:59:51 - Early Stopping triggered after 21 epoches, calculating test accuracy...
INFO - 2020/03/07 02:31 -- 0:59:51 - ------------------------------>Training 21th epoch<------------------------------
INFO - 2020/03/07 02:31 -- 1:00:02 - Iter: 37900, train loss: 0.13231, train accuracy: 0.96, val loss: 0.27579, val accuracy: 0.9217
INFO - 2020/03/07 02:31 -- 1:00:11 - Iter: 38000, train loss: 0.08977, train accuracy: 0.98, val loss: 0.27579, val accuracy: 0.9217
INFO - 2020/03/07 02:31 -- 1:00:21 - Iter: 38100, train loss: 0.18327, train accuracy: 0.94, val loss: 0.27579, val accuracy: 0.9217
INFO - 2020/03/07 02:32 -- 1:00:30 - Iter: 38200, train loss: 0.07814, train accuracy: 0.98, val loss: 0.27578, val accuracy: 0.9217
INFO - 2020/03/07 02:32 -- 1:00:39 - Iter: 38300, train loss: 0.11498, train accuracy: 0.97, val loss: 0.27578, val accuracy: 0.9217
INFO - 2020/03/07 02:32 -- 1:00:49 - Iter: 38400, train loss: 0.07959, train accuracy: 0.98, val loss: 0.27578, val accuracy: 0.9217
INFO - 2020/03/07 02:32 -- 1:00:59 - Iter: 38500, train loss: 0.08864, train accuracy: 0.95, val loss: 0.27578, val accuracy: 0.9217
INFO - 2020/03/07 02:32 -- 1:01:09 - Iter: 38600, train loss: 0.11723, train accuracy: 0.95, val loss: 0.27578, val accuracy: 0.9217
INFO - 2020/03/07 02:32 -- 1:01:18 - Iter: 38700, train loss: 0.18115, train accuracy: 0.96, val loss: 0.27578, val accuracy: 0.9217
INFO - 2020/03/07 02:33 -- 1:01:28 - Iter: 38800, train loss: 0.10431, train accuracy: 0.97, val loss: 0.27578, val accuracy: 0.9217
INFO - 2020/03/07 02:33 -- 1:01:37 - Iter: 38900, train loss: 0.0817, train accuracy: 0.97, val loss: 0.27578, val accuracy: 0.9217
INFO - 2020/03/07 02:33 -- 1:01:46 - Iter: 39000, train loss: 0.16469, train accuracy: 0.93, val loss: 0.27578, val accuracy: 0.9217
INFO - 2020/03/07 02:33 -- 1:01:57 - Iter: 39100, train loss: 0.15261, train accuracy: 0.95, val loss: 0.27578, val accuracy: 0.9217
INFO - 2020/03/07 02:33 -- 1:02:08 - Iter: 39200, train loss: 0.09624, train accuracy: 0.97, val loss: 0.27578, val accuracy: 0.9217
INFO - 2020/03/07 02:33 -- 1:02:18 - Iter: 39300, train loss: 0.1247, train accuracy: 0.97, val loss: 0.27578, val accuracy: 0.9217
INFO - 2020/03/07 02:34 -- 1:02:28 - Iter: 39400, train loss: 0.09546, train accuracy: 0.97, val loss: 0.27578, val accuracy: 0.9217
INFO - 2020/03/07 02:34 -- 1:02:37 - Iter: 39500, train loss: 0.12905, train accuracy: 0.95, val loss: 0.27578, val accuracy: 0.9217
INFO - 2020/03/07 02:34 -- 1:02:47 - Iter: 39600, train loss: 0.10096, train accuracy: 0.96, val loss: 0.27578, val accuracy: 0.9217
INFO - 2020/03/07 02:34 -- 1:02:47 - 21th epoch finished, val epoch loss:0.27578, val epoch accuracy:0.9217
INFO - 2020/03/07 02:34 -- 1:02:47 - ========================================
INFO - 2020/03/07 02:34 -- 1:02:47 - Early Stopping triggered after 22 epoches, calculating test accuracy...
INFO - 2020/03/07 02:34 -- 1:02:47 - ------------------------------>Training 22th epoch<------------------------------
INFO - 2020/03/07 02:34 -- 1:02:57 - Iter: 39700, train loss: 0.12046, train accuracy: 0.95, val loss: 0.27578, val accuracy: 0.9217
INFO - 2020/03/07 02:34 -- 1:03:07 - Iter: 39800, train loss: 0.05722, train accuracy: 0.98, val loss: 0.27578, val accuracy: 0.9217
INFO - 2020/03/07 02:34 -- 1:03:17 - Iter: 39900, train loss: 0.13019, train accuracy: 0.96, val loss: 0.27578, val accuracy: 0.9217
INFO - 2020/03/07 02:35 -- 1:03:26 - Iter: 40000, train loss: 0.10207, train accuracy: 0.97, val loss: 0.27578, val accuracy: 0.9217
INFO - 2020/03/07 02:35 -- 1:03:36 - Iter: 40100, train loss: 0.1249, train accuracy: 0.96, val loss: 0.27578, val accuracy: 0.9217
INFO - 2020/03/07 02:35 -- 1:03:46 - Iter: 40200, train loss: 0.20181, train accuracy: 0.93, val loss: 0.27578, val accuracy: 0.9217
INFO - 2020/03/07 02:35 -- 1:03:56 - Iter: 40300, train loss: 0.10209, train accuracy: 0.97, val loss: 0.27578, val accuracy: 0.9217
INFO - 2020/03/07 02:35 -- 1:04:07 - Iter: 40400, train loss: 0.07611, train accuracy: 0.96, val loss: 0.27578, val accuracy: 0.9217
INFO - 2020/03/07 02:35 -- 1:04:16 - Iter: 40500, train loss: 0.10636, train accuracy: 0.95, val loss: 0.27578, val accuracy: 0.9217
INFO - 2020/03/07 02:36 -- 1:04:25 - Iter: 40600, train loss: 0.12342, train accuracy: 0.96, val loss: 0.27578, val accuracy: 0.9217
INFO - 2020/03/07 02:36 -- 1:04:35 - Iter: 40700, train loss: 0.08759, train accuracy: 0.97, val loss: 0.27578, val accuracy: 0.9217
INFO - 2020/03/07 02:36 -- 1:04:45 - Iter: 40800, train loss: 0.19181, train accuracy: 0.94, val loss: 0.27578, val accuracy: 0.9217
INFO - 2020/03/07 02:36 -- 1:04:54 - Iter: 40900, train loss: 0.09204, train accuracy: 0.98, val loss: 0.27578, val accuracy: 0.9217
INFO - 2020/03/07 02:36 -- 1:05:04 - Iter: 41000, train loss: 0.12442, train accuracy: 0.97, val loss: 0.27578, val accuracy: 0.9217
INFO - 2020/03/07 02:36 -- 1:05:13 - Iter: 41100, train loss: 0.06967, train accuracy: 0.98, val loss: 0.27578, val accuracy: 0.9217
INFO - 2020/03/07 02:37 -- 1:05:23 - Iter: 41200, train loss: 0.05985, train accuracy: 0.98, val loss: 0.27578, val accuracy: 0.9217
INFO - 2020/03/07 02:37 -- 1:05:32 - Iter: 41300, train loss: 0.14401, train accuracy: 0.95, val loss: 0.27578, val accuracy: 0.9217
INFO - 2020/03/07 02:37 -- 1:05:42 - Iter: 41400, train loss: 0.0973, train accuracy: 0.96, val loss: 0.27578, val accuracy: 0.9217
INFO - 2020/03/07 02:37 -- 1:05:42 - 22th epoch finished, val epoch loss:0.27578, val epoch accuracy:0.9217
INFO - 2020/03/07 02:37 -- 1:05:42 - ========================================
INFO - 2020/03/07 02:37 -- 1:05:42 - Early Stopping triggered after 23 epoches, calculating test accuracy...
INFO - 2020/03/07 02:37 -- 1:05:42 - ------------------------------>Training 23th epoch<------------------------------
INFO - 2020/03/07 02:37 -- 1:05:51 - Iter: 41500, train loss: 0.10896, train accuracy: 0.96, val loss: 0.27578, val accuracy: 0.9217
INFO - 2020/03/07 02:37 -- 1:06:01 - Iter: 41600, train loss: 0.06553, train accuracy: 0.98, val loss: 0.27578, val accuracy: 0.9217
INFO - 2020/03/07 02:37 -- 1:06:10 - Iter: 41700, train loss: 0.16522, train accuracy: 0.94, val loss: 0.27578, val accuracy: 0.9217
INFO - 2020/03/07 02:37 -- 1:06:21 - Iter: 41800, train loss: 0.09457, train accuracy: 0.97, val loss: 0.27578, val accuracy: 0.9217
INFO - 2020/03/07 02:38 -- 1:06:30 - Iter: 41900, train loss: 0.12119, train accuracy: 0.97, val loss: 0.27578, val accuracy: 0.9217
INFO - 2020/03/07 02:38 -- 1:06:41 - Iter: 42000, train loss: 0.16245, train accuracy: 0.94, val loss: 0.27578, val accuracy: 0.9217
INFO - 2020/03/07 02:38 -- 1:06:52 - Iter: 42100, train loss: 0.17351, train accuracy: 0.95, val loss: 0.27578, val accuracy: 0.9217
INFO - 2020/03/07 02:38 -- 1:07:02 - Iter: 42200, train loss: 0.14893, train accuracy: 0.95, val loss: 0.27578, val accuracy: 0.9217
INFO - 2020/03/07 02:38 -- 1:07:12 - Iter: 42300, train loss: 0.19495, train accuracy: 0.95, val loss: 0.27578, val accuracy: 0.9217
INFO - 2020/03/07 02:39 -- 1:07:23 - Iter: 42400, train loss: 0.13963, train accuracy: 0.94, val loss: 0.27578, val accuracy: 0.9217
INFO - 2020/03/07 02:39 -- 1:07:32 - Iter: 42500, train loss: 0.11689, train accuracy: 0.96, val loss: 0.27578, val accuracy: 0.9217
INFO - 2020/03/07 02:39 -- 1:07:42 - Iter: 42600, train loss: 0.1593, train accuracy: 0.92, val loss: 0.27578, val accuracy: 0.9217
INFO - 2020/03/07 02:39 -- 1:07:52 - Iter: 42700, train loss: 0.10286, train accuracy: 0.97, val loss: 0.27578, val accuracy: 0.9217
INFO - 2020/03/07 02:39 -- 1:08:01 - Iter: 42800, train loss: 0.07771, train accuracy: 0.97, val loss: 0.27578, val accuracy: 0.9217
INFO - 2020/03/07 02:39 -- 1:08:11 - Iter: 42900, train loss: 0.11833, train accuracy: 0.95, val loss: 0.27578, val accuracy: 0.9217
INFO - 2020/03/07 02:39 -- 1:08:20 - Iter: 43000, train loss: 0.08166, train accuracy: 0.98, val loss: 0.27578, val accuracy: 0.9217
INFO - 2020/03/07 02:40 -- 1:08:30 - Iter: 43100, train loss: 0.10373, train accuracy: 0.95, val loss: 0.27578, val accuracy: 0.9217
INFO - 2020/03/07 02:40 -- 1:08:40 - Iter: 43200, train loss: 0.09129, train accuracy: 0.96, val loss: 0.27578, val accuracy: 0.9217
INFO - 2020/03/07 02:40 -- 1:08:40 - 23th epoch finished, val epoch loss:0.27578, val epoch accuracy:0.9217
INFO - 2020/03/07 02:40 -- 1:08:40 - ========================================
INFO - 2020/03/07 02:40 -- 1:08:40 - Early Stopping triggered after 24 epoches, calculating test accuracy...
INFO - 2020/03/07 02:40 -- 1:08:40 - ------------------------------>Training 24th epoch<------------------------------
INFO - 2020/03/07 02:40 -- 1:08:49 - Iter: 43300, train loss: 0.08857, train accuracy: 0.97, val loss: 0.27578, val accuracy: 0.9217
INFO - 2020/03/07 02:40 -- 1:08:59 - Iter: 43400, train loss: 0.07308, train accuracy: 0.96, val loss: 0.27578, val accuracy: 0.9217
INFO - 2020/03/07 02:40 -- 1:09:09 - Iter: 43500, train loss: 0.20932, train accuracy: 0.92, val loss: 0.27578, val accuracy: 0.9217
INFO - 2020/03/07 02:40 -- 1:09:18 - Iter: 43600, train loss: 0.04493, train accuracy: 0.99, val loss: 0.27578, val accuracy: 0.9217
INFO - 2020/03/07 02:41 -- 1:09:28 - Iter: 43700, train loss: 0.1767, train accuracy: 0.97, val loss: 0.27578, val accuracy: 0.9217
INFO - 2020/03/07 02:41 -- 1:09:38 - Iter: 43800, train loss: 0.05882, train accuracy: 0.98, val loss: 0.27578, val accuracy: 0.9217
INFO - 2020/03/07 02:41 -- 1:09:47 - Iter: 43900, train loss: 0.14021, train accuracy: 0.95, val loss: 0.27578, val accuracy: 0.9217
INFO - 2020/03/07 02:41 -- 1:09:57 - Iter: 44000, train loss: 0.16452, train accuracy: 0.95, val loss: 0.27578, val accuracy: 0.9217
INFO - 2020/03/07 02:41 -- 1:10:07 - Iter: 44100, train loss: 0.19551, train accuracy: 0.94, val loss: 0.27578, val accuracy: 0.9217
INFO - 2020/03/07 02:41 -- 1:10:16 - Iter: 44200, train loss: 0.07821, train accuracy: 0.97, val loss: 0.27578, val accuracy: 0.9217
INFO - 2020/03/07 02:42 -- 1:10:27 - Iter: 44300, train loss: 0.08186, train accuracy: 0.99, val loss: 0.27578, val accuracy: 0.9217
INFO - 2020/03/07 02:42 -- 1:10:36 - Iter: 44400, train loss: 0.15129, train accuracy: 0.93, val loss: 0.27578, val accuracy: 0.9217
INFO - 2020/03/07 02:42 -- 1:10:46 - Iter: 44500, train loss: 0.10475, train accuracy: 0.97, val loss: 0.27578, val accuracy: 0.9217
INFO - 2020/03/07 02:42 -- 1:10:57 - Iter: 44600, train loss: 0.09912, train accuracy: 0.97, val loss: 0.27578, val accuracy: 0.9217
INFO - 2020/03/07 02:42 -- 1:11:08 - Iter: 44700, train loss: 0.09614, train accuracy: 0.98, val loss: 0.27578, val accuracy: 0.9217
INFO - 2020/03/07 02:42 -- 1:11:19 - Iter: 44800, train loss: 0.0823, train accuracy: 0.96, val loss: 0.27578, val accuracy: 0.9217
INFO - 2020/03/07 02:43 -- 1:11:29 - Iter: 44900, train loss: 0.10785, train accuracy: 0.97, val loss: 0.27578, val accuracy: 0.9217
INFO - 2020/03/07 02:43 -- 1:11:39 - Iter: 45000, train loss: 0.10541, train accuracy: 0.96, val loss: 0.27578, val accuracy: 0.9217
INFO - 2020/03/07 02:43 -- 1:11:39 - 24th epoch finished, val epoch loss:0.27578, val epoch accuracy:0.9217
INFO - 2020/03/07 02:43 -- 1:11:39 - ========================================
INFO - 2020/03/07 02:43 -- 1:11:39 - Early Stopping triggered after 25 epoches, calculating test accuracy...
INFO - 2020/03/07 02:43 -- 1:11:39 - ------------------------------>Training 25th epoch<------------------------------
INFO - 2020/03/07 02:43 -- 1:11:49 - Iter: 45100, train loss: 0.10749, train accuracy: 0.98, val loss: 0.27578, val accuracy: 0.9217
INFO - 2020/03/07 02:43 -- 1:11:59 - Iter: 45200, train loss: 0.05808, train accuracy: 0.99, val loss: 0.27578, val accuracy: 0.9217
INFO - 2020/03/07 02:43 -- 1:12:09 - Iter: 45300, train loss: 0.13004, train accuracy: 0.95, val loss: 0.27578, val accuracy: 0.9217
INFO - 2020/03/07 02:43 -- 1:12:19 - Iter: 45400, train loss: 0.06894, train accuracy: 0.99, val loss: 0.27578, val accuracy: 0.9217
INFO - 2020/03/07 02:44 -- 1:12:29 - Iter: 45500, train loss: 0.12948, train accuracy: 0.97, val loss: 0.27578, val accuracy: 0.9217
INFO - 2020/03/07 02:44 -- 1:12:39 - Iter: 45600, train loss: 0.15572, train accuracy: 0.95, val loss: 0.27578, val accuracy: 0.9217
INFO - 2020/03/07 02:44 -- 1:12:49 - Iter: 45700, train loss: 0.17257, train accuracy: 0.93, val loss: 0.27578, val accuracy: 0.9217
INFO - 2020/03/07 02:44 -- 1:12:59 - Iter: 45800, train loss: 0.06029, train accuracy: 0.98, val loss: 0.27578, val accuracy: 0.9217
INFO - 2020/03/07 02:44 -- 1:13:09 - Iter: 45900, train loss: 0.14326, train accuracy: 0.96, val loss: 0.27578, val accuracy: 0.9217
INFO - 2020/03/07 02:44 -- 1:13:19 - Iter: 46000, train loss: 0.11513, train accuracy: 0.97, val loss: 0.27578, val accuracy: 0.9217
INFO - 2020/03/07 02:45 -- 1:13:29 - Iter: 46100, train loss: 0.11252, train accuracy: 0.95, val loss: 0.27578, val accuracy: 0.9217
INFO - 2020/03/07 02:45 -- 1:13:39 - Iter: 46200, train loss: 0.14799, train accuracy: 0.95, val loss: 0.27578, val accuracy: 0.9217
INFO - 2020/03/07 02:45 -- 1:13:49 - Iter: 46300, train loss: 0.16218, train accuracy: 0.96, val loss: 0.27578, val accuracy: 0.9217
INFO - 2020/03/07 02:45 -- 1:14:01 - Iter: 46400, train loss: 0.05653, train accuracy: 0.96, val loss: 0.27578, val accuracy: 0.9217
INFO - 2020/03/07 02:45 -- 1:14:11 - Iter: 46500, train loss: 0.09982, train accuracy: 0.97, val loss: 0.27578, val accuracy: 0.9217
INFO - 2020/03/07 02:45 -- 1:14:20 - Iter: 46600, train loss: 0.06752, train accuracy: 0.98, val loss: 0.27578, val accuracy: 0.9217
INFO - 2020/03/07 02:46 -- 1:14:30 - Iter: 46700, train loss: 0.12238, train accuracy: 0.95, val loss: 0.27578, val accuracy: 0.9217
INFO - 2020/03/07 02:46 -- 1:14:39 - Iter: 46800, train loss: 0.13164, train accuracy: 0.95, val loss: 0.27578, val accuracy: 0.9217
INFO - 2020/03/07 02:46 -- 1:14:39 - 25th epoch finished, val epoch loss:0.27578, val epoch accuracy:0.9217
INFO - 2020/03/07 02:46 -- 1:14:39 - ========================================
INFO - 2020/03/07 02:46 -- 1:14:39 - Early Stopping triggered after 26 epoches, calculating test accuracy...
INFO - 2020/03/07 02:46 -- 1:14:39 - ------------------------------>Training 26th epoch<------------------------------
INFO - 2020/03/07 02:46 -- 1:14:49 - Iter: 46900, train loss: 0.10347, train accuracy: 0.96, val loss: 0.27578, val accuracy: 0.9217
INFO - 2020/03/07 02:46 -- 1:15:00 - Iter: 47000, train loss: 0.071, train accuracy: 0.99, val loss: 0.27578, val accuracy: 0.9217
INFO - 2020/03/07 02:46 -- 1:15:11 - Iter: 47100, train loss: 0.15713, train accuracy: 0.94, val loss: 0.27578, val accuracy: 0.9217
INFO - 2020/03/07 02:46 -- 1:15:21 - Iter: 47200, train loss: 0.05666, train accuracy: 0.99, val loss: 0.27578, val accuracy: 0.9217
INFO - 2020/03/07 02:47 -- 1:15:30 - Iter: 47300, train loss: 0.1106, train accuracy: 0.97, val loss: 0.27578, val accuracy: 0.9217
INFO - 2020/03/07 02:47 -- 1:15:41 - Iter: 47400, train loss: 0.13041, train accuracy: 0.94, val loss: 0.27578, val accuracy: 0.9217
INFO - 2020/03/07 02:47 -- 1:15:52 - Iter: 47500, train loss: 0.14588, train accuracy: 0.95, val loss: 0.27578, val accuracy: 0.9217
INFO - 2020/03/07 02:47 -- 1:16:01 - Iter: 47600, train loss: 0.14057, train accuracy: 0.93, val loss: 0.27578, val accuracy: 0.9217
INFO - 2020/03/07 02:47 -- 1:16:10 - Iter: 47700, train loss: 0.20348, train accuracy: 0.95, val loss: 0.27578, val accuracy: 0.9217
INFO - 2020/03/07 02:47 -- 1:16:20 - Iter: 47800, train loss: 0.05646, train accuracy: 0.99, val loss: 0.27578, val accuracy: 0.9217
INFO - 2020/03/07 02:48 -- 1:16:30 - Iter: 47900, train loss: 0.09295, train accuracy: 0.96, val loss: 0.27578, val accuracy: 0.9217
INFO - 2020/03/07 02:48 -- 1:16:40 - Iter: 48000, train loss: 0.13324, train accuracy: 0.95, val loss: 0.27578, val accuracy: 0.9217
INFO - 2020/03/07 02:48 -- 1:16:50 - Iter: 48100, train loss: 0.10436, train accuracy: 0.97, val loss: 0.27578, val accuracy: 0.9217
INFO - 2020/03/07 02:48 -- 1:17:01 - Iter: 48200, train loss: 0.06677, train accuracy: 0.98, val loss: 0.27578, val accuracy: 0.9217
INFO - 2020/03/07 02:48 -- 1:17:10 - Iter: 48300, train loss: 0.10112, train accuracy: 0.96, val loss: 0.27578, val accuracy: 0.9217
INFO - 2020/03/07 02:48 -- 1:17:20 - Iter: 48400, train loss: 0.11678, train accuracy: 0.97, val loss: 0.27578, val accuracy: 0.9217
INFO - 2020/03/07 02:49 -- 1:17:29 - Iter: 48500, train loss: 0.15028, train accuracy: 0.94, val loss: 0.27578, val accuracy: 0.9217
INFO - 2020/03/07 02:49 -- 1:17:39 - Iter: 48600, train loss: 0.12286, train accuracy: 0.94, val loss: 0.27578, val accuracy: 0.9217
INFO - 2020/03/07 02:49 -- 1:17:39 - 26th epoch finished, val epoch loss:0.27578, val epoch accuracy:0.9217
INFO - 2020/03/07 02:49 -- 1:17:39 - ========================================
INFO - 2020/03/07 02:49 -- 1:17:39 - Early Stopping triggered after 27 epoches, calculating test accuracy...
INFO - 2020/03/07 02:49 -- 1:17:39 - ------------------------------>Training 27th epoch<------------------------------
INFO - 2020/03/07 02:49 -- 1:17:49 - Iter: 48700, train loss: 0.10107, train accuracy: 0.96, val loss: 0.27578, val accuracy: 0.9217
INFO - 2020/03/07 02:49 -- 1:17:59 - Iter: 48800, train loss: 0.08319, train accuracy: 0.98, val loss: 0.27578, val accuracy: 0.9217
INFO - 2020/03/07 02:49 -- 1:18:08 - Iter: 48900, train loss: 0.1444, train accuracy: 0.95, val loss: 0.27578, val accuracy: 0.9217
INFO - 2020/03/07 02:49 -- 1:18:18 - Iter: 49000, train loss: 0.0914, train accuracy: 0.97, val loss: 0.27578, val accuracy: 0.9217
INFO - 2020/03/07 02:50 -- 1:18:28 - Iter: 49100, train loss: 0.13061, train accuracy: 0.96, val loss: 0.27578, val accuracy: 0.9217
INFO - 2020/03/07 02:50 -- 1:18:38 - Iter: 49200, train loss: 0.11709, train accuracy: 0.97, val loss: 0.27578, val accuracy: 0.9217
INFO - 2020/03/07 02:50 -- 1:18:47 - Iter: 49300, train loss: 0.1692, train accuracy: 0.94, val loss: 0.27578, val accuracy: 0.9217
INFO - 2020/03/07 02:50 -- 1:18:57 - Iter: 49400, train loss: 0.10619, train accuracy: 0.99, val loss: 0.27578, val accuracy: 0.9217
INFO - 2020/03/07 02:50 -- 1:19:07 - Iter: 49500, train loss: 0.15337, train accuracy: 0.95, val loss: 0.27578, val accuracy: 0.9217
INFO - 2020/03/07 02:50 -- 1:19:17 - Iter: 49600, train loss: 0.07623, train accuracy: 0.98, val loss: 0.27578, val accuracy: 0.9217
INFO - 2020/03/07 02:51 -- 1:19:26 - Iter: 49700, train loss: 0.10654, train accuracy: 0.96, val loss: 0.27578, val accuracy: 0.9217
INFO - 2020/03/07 02:51 -- 1:19:36 - Iter: 49800, train loss: 0.15216, train accuracy: 0.92, val loss: 0.27578, val accuracy: 0.9217
INFO - 2020/03/07 02:51 -- 1:19:46 - Iter: 49900, train loss: 0.13227, train accuracy: 0.97, val loss: 0.27578, val accuracy: 0.9217
INFO - 2020/03/07 02:51 -- 1:19:56 - Iter: 50000, train loss: 0.06962, train accuracy: 0.96, val loss: 0.27578, val accuracy: 0.9217
INFO - 2020/03/07 02:51 -- 1:20:07 - Iter: 50100, train loss: 0.09712, train accuracy: 0.96, val loss: 0.27578, val accuracy: 0.9217
INFO - 2020/03/07 02:51 -- 1:20:17 - Iter: 50200, train loss: 0.07602, train accuracy: 0.98, val loss: 0.27578, val accuracy: 0.9217
INFO - 2020/03/07 02:52 -- 1:20:27 - Iter: 50300, train loss: 0.09429, train accuracy: 0.97, val loss: 0.27578, val accuracy: 0.9217
INFO - 2020/03/07 02:52 -- 1:20:38 - Iter: 50400, train loss: 0.19049, train accuracy: 0.92, val loss: 0.27578, val accuracy: 0.9217
INFO - 2020/03/07 02:52 -- 1:20:38 - 27th epoch finished, val epoch loss:0.27578, val epoch accuracy:0.9217
INFO - 2020/03/07 02:52 -- 1:20:38 - ========================================
INFO - 2020/03/07 02:52 -- 1:20:38 - Early Stopping triggered after 28 epoches, calculating test accuracy...
INFO - 2020/03/07 02:52 -- 1:20:38 - ------------------------------>Training 28th epoch<------------------------------
INFO - 2020/03/07 02:52 -- 1:20:48 - Iter: 50500, train loss: 0.08582, train accuracy: 0.94, val loss: 0.27578, val accuracy: 0.9217
INFO - 2020/03/07 02:52 -- 1:20:59 - Iter: 50600, train loss: 0.04485, train accuracy: 1.0, val loss: 0.27578, val accuracy: 0.9217
INFO - 2020/03/07 02:52 -- 1:21:10 - Iter: 50700, train loss: 0.11536, train accuracy: 0.97, val loss: 0.27578, val accuracy: 0.9217
INFO - 2020/03/07 02:52 -- 1:21:21 - Iter: 50800, train loss: 0.0745, train accuracy: 0.99, val loss: 0.27578, val accuracy: 0.9217
INFO - 2020/03/07 02:53 -- 1:21:32 - Iter: 50900, train loss: 0.13173, train accuracy: 0.97, val loss: 0.27578, val accuracy: 0.9217
INFO - 2020/03/07 02:53 -- 1:21:42 - Iter: 51000, train loss: 0.1806, train accuracy: 0.95, val loss: 0.27578, val accuracy: 0.9217
INFO - 2020/03/07 02:53 -- 1:21:53 - Iter: 51100, train loss: 0.1801, train accuracy: 0.94, val loss: 0.27578, val accuracy: 0.9217
INFO - 2020/03/07 02:53 -- 1:22:03 - Iter: 51200, train loss: 0.07914, train accuracy: 0.97, val loss: 0.27578, val accuracy: 0.9217
INFO - 2020/03/07 02:53 -- 1:22:14 - Iter: 51300, train loss: 0.11531, train accuracy: 0.98, val loss: 0.27578, val accuracy: 0.9217
INFO - 2020/03/07 02:54 -- 1:22:24 - Iter: 51400, train loss: 0.05722, train accuracy: 1.0, val loss: 0.27578, val accuracy: 0.9217
INFO - 2020/03/07 02:54 -- 1:22:33 - Iter: 51500, train loss: 0.08664, train accuracy: 0.98, val loss: 0.27578, val accuracy: 0.9217
INFO - 2020/03/07 02:54 -- 1:22:44 - Iter: 51600, train loss: 0.14194, train accuracy: 0.95, val loss: 0.27578, val accuracy: 0.9217
INFO - 2020/03/07 02:54 -- 1:22:55 - Iter: 51700, train loss: 0.09207, train accuracy: 0.98, val loss: 0.27578, val accuracy: 0.9217
INFO - 2020/03/07 02:54 -- 1:23:05 - Iter: 51800, train loss: 0.10836, train accuracy: 0.96, val loss: 0.27578, val accuracy: 0.9217
INFO - 2020/03/07 02:54 -- 1:23:16 - Iter: 51900, train loss: 0.1021, train accuracy: 0.97, val loss: 0.27578, val accuracy: 0.9217
INFO - 2020/03/07 02:55 -- 1:23:26 - Iter: 52000, train loss: 0.0984, train accuracy: 0.97, val loss: 0.27578, val accuracy: 0.9217
INFO - 2020/03/07 02:55 -- 1:23:37 - Iter: 52100, train loss: 0.11461, train accuracy: 0.94, val loss: 0.27578, val accuracy: 0.9217
INFO - 2020/03/07 02:55 -- 1:23:49 - Iter: 52200, train loss: 0.0988, train accuracy: 0.95, val loss: 0.27578, val accuracy: 0.9217
INFO - 2020/03/07 02:55 -- 1:23:49 - 28th epoch finished, val epoch loss:0.27578, val epoch accuracy:0.9217
INFO - 2020/03/07 02:55 -- 1:23:49 - ========================================
INFO - 2020/03/07 02:55 -- 1:23:49 - Early Stopping triggered after 29 epoches, calculating test accuracy...
INFO - 2020/03/07 02:55 -- 1:23:49 - ------------------------------>Training 29th epoch<------------------------------
INFO - 2020/03/07 02:55 -- 1:24:00 - Iter: 52300, train loss: 0.10768, train accuracy: 0.97, val loss: 0.27578, val accuracy: 0.9217
INFO - 2020/03/07 02:55 -- 1:24:10 - Iter: 52400, train loss: 0.08524, train accuracy: 0.97, val loss: 0.27578, val accuracy: 0.9217
INFO - 2020/03/07 02:55 -- 1:24:19 - Iter: 52500, train loss: 0.22339, train accuracy: 0.93, val loss: 0.27578, val accuracy: 0.9217
INFO - 2020/03/07 02:56 -- 1:24:29 - Iter: 52600, train loss: 0.06511, train accuracy: 0.99, val loss: 0.27578, val accuracy: 0.9217
INFO - 2020/03/07 02:56 -- 1:24:40 - Iter: 52700, train loss: 0.09537, train accuracy: 0.98, val loss: 0.27578, val accuracy: 0.9217
INFO - 2020/03/07 02:56 -- 1:24:50 - Iter: 52800, train loss: 0.10966, train accuracy: 0.96, val loss: 0.27578, val accuracy: 0.9217
INFO - 2020/03/07 02:56 -- 1:25:01 - Iter: 52900, train loss: 0.15379, train accuracy: 0.95, val loss: 0.27578, val accuracy: 0.9217
INFO - 2020/03/07 02:56 -- 1:25:11 - Iter: 53000, train loss: 0.11818, train accuracy: 0.96, val loss: 0.27578, val accuracy: 0.9217
INFO - 2020/03/07 02:56 -- 1:25:22 - Iter: 53100, train loss: 0.18521, train accuracy: 0.96, val loss: 0.27578, val accuracy: 0.9217
INFO - 2020/03/07 02:57 -- 1:25:31 - Iter: 53200, train loss: 0.06743, train accuracy: 0.99, val loss: 0.27578, val accuracy: 0.9217
INFO - 2020/03/07 02:57 -- 1:25:42 - Iter: 53300, train loss: 0.06964, train accuracy: 0.97, val loss: 0.27578, val accuracy: 0.9217
INFO - 2020/03/07 02:57 -- 1:25:52 - Iter: 53400, train loss: 0.14035, train accuracy: 0.94, val loss: 0.27578, val accuracy: 0.9217
INFO - 2020/03/07 02:57 -- 1:26:02 - Iter: 53500, train loss: 0.07104, train accuracy: 0.98, val loss: 0.27578, val accuracy: 0.9217
INFO - 2020/03/07 02:57 -- 1:26:12 - Iter: 53600, train loss: 0.11681, train accuracy: 0.95, val loss: 0.27578, val accuracy: 0.9217
INFO - 2020/03/07 02:58 -- 1:26:23 - Iter: 53700, train loss: 0.07177, train accuracy: 0.99, val loss: 0.27578, val accuracy: 0.9217
INFO - 2020/03/07 02:58 -- 1:26:36 - Iter: 53800, train loss: 0.05921, train accuracy: 0.99, val loss: 0.27578, val accuracy: 0.9217
INFO - 2020/03/07 02:58 -- 1:26:48 - Iter: 53900, train loss: 0.11145, train accuracy: 0.97, val loss: 0.27578, val accuracy: 0.9217
INFO - 2020/03/07 02:58 -- 1:26:57 - Iter: 54000, train loss: 0.1114, train accuracy: 0.96, val loss: 0.27578, val accuracy: 0.9217
INFO - 2020/03/07 02:58 -- 1:26:57 - 29th epoch finished, val epoch loss:0.27578, val epoch accuracy:0.9217
INFO - 2020/03/07 02:58 -- 1:26:57 - ========================================
INFO - 2020/03/07 02:58 -- 1:26:57 - Early Stopping triggered after 30 epoches, calculating test accuracy...
INFO - 2020/03/07 02:58 -- 1:27:00 - test loss:0.29414, test accuracy: 0.9115
INFO - 2020/03/07 02:58 -- 1:27:00 - Precision, Recall and F1-Score...
INFO - 2020/03/07 02:58 -- 1:27:00 -                precision    recall  f1-score   support
                                     
                                           finance     0.8931    0.8940    0.8936      1000
                                            realty     0.9446    0.9210    0.9327      1000
                                            stocks     0.8312    0.8570    0.8439      1000
                                         education     0.9507    0.9650    0.9578      1000
                                           science     0.8459    0.8510    0.8485      1000
                                           society     0.9157    0.9120    0.9138      1000
                                          politics     0.8983    0.9270    0.9124      1000
                                            sports     0.9708    0.9650    0.9679      1000
                                              game     0.9269    0.8870    0.9065      1000
                                     entertainment     0.9426    0.9360    0.9393      1000
                                     
                                          accuracy                         0.9115     10000
                                         macro avg     0.9120    0.9115    0.9116     10000
                                      weighted avg     0.9120    0.9115    0.9116     10000
                                     
INFO - 2020/03/07 02:58 -- 1:27:00 - Confusion Matrix...
INFO - 2020/03/07 02:58 -- 1:27:00 - [[894   8  61   2   8  12   9   1   3   2]
                                      [ 11 921  31   3  12  11   7   2   1   1]
                                      [ 65  15 857   1  30   2  22   2   4   2]
                                      [  1   3   1 965   7   8   8   1   3   3]
                                      [ 16   5  43   6 851  18  23   1  32   5]
                                      [  1   9   0  27  16 912  17   3   2  13]
                                      [  6   6  24   4   9  17 927   2   2   3]
                                      [  0   1   4   2   3   6   3 965   4  12]
                                      [  3   2   7   2  66   3   9   5 887  16]
                                      [  4   5   3   3   4   7   7  12  19 936]]
